准备训练 GPT: [standard] | 模型路径: /ruilab/jxhe/CoE_Monitor/Physics_of_LM/Part1/checkpoints/gpt_2_Init/gpt_2_standard
训练配置: MAX_STEPS=100000, LEARNING_RATE=0.0003, BATCH_SIZE=96, GRADIENT_ACCUMULATION_STEPS=1, LR_SCHEDULER_TYPE=linear, BF16=True, FP16=False
Load pretrained standard model from: /ruilab/jxhe/CoE_Monitor/Physics_of_LM/Part1/checkpoints/gpt_2_Init/gpt_2_standard with flash_attention_2

[Collator Preview]
input_ids shape: (2, 512), labels shape: (2, 512), attention_mask shape: (2, 512)
input_ids[0]: [0, 3, 2, 3, 1, 3, 2, 1, 3, 2, 1, 3, 2, 3, 1, 3, 2, 3, 2, 1, 3, 1, 3, 1, 2, 2, 1, 3, 1, 3, 1, 2, 1, 2, 3, 2, 1, 3, 2, 1, 3, 1, 3, 1, 2, 3, 1, 2, 1, 2, 3, 2, 1, 1, 2, 3, 3, 2, 1, 3, 1, 2, 1, 2, 3, 3, 2, 3, 2, 1, 3, 2, 2, 1, 3, 1, 2, 1, 3, 1, 2, 3, 1, 1, 2, 3, 3, 2, 2, 1, 3, 2, 3, 2, 1, 3, 1, 2, 1, 3, 1, 3, 1, 2, 3, 2, 3, 1, 2, 1, 3, 1, 3, 2, 2, 1, 3, 1, 2, 2, 1, 1, 2, 3, 1, 2, 3, 3, 2, 1, 3, 2, 2, 1, 3, 1, 3, 2, 3, 1, 3, 2, 3, 2, 1, 3, 1, 2, 3, 2, 1, 1, 2, 3, 1, 2, 3, 3, 1, 2, 3, 2, 1, 1, 2, 3, 2, 1, 3, 2, 3, 2, 1, 3, 1, 2, 3, 1, 3, 1, 3, 2, 2, 1, 3, 2, 2, 1, 3, 1, 3, 1, 3, 2, 2, 1, 3, 2, 1, 3, 1, 3, 2, 3, 1, 2, 1, 3, 2, 3, 1, 2, 3, 1, 2, 1, 3, 2, 1, 3, 2, 1, 2, 3, 2, 1, 1, 2, 3, 3, 1, 2, 3, 2, 3, 1, 2, 1, 3, 2, 3, 2, 1, 3, 1, 4, 5, 5, 5, 5, 5, 5, 5, 5, 5, 5, 5, 5, 5, 5, 5, 5, 5, 5, 5, 5, 5, 5, 5, 5, 5, 5, 5, 5, 5, 5, 5, 5, 5, 5, 5, 5, 5, 5, 5, 5, 5, 5, 5, 5, 5, 5, 5, 5, 5, 5, 5, 5, 5, 5, 5, 5, 5, 5, 5, 5, 5, 5, 5, 5, 5, 5, 5, 5, 5, 5, 5, 5, 5, 5, 5, 5, 5, 5, 5, 5, 5, 5, 5, 5, 5, 5, 5, 5, 5, 5, 5, 5, 5, 5, 5, 5, 5, 5, 5, 5, 5, 5, 5, 5, 5, 5, 5, 5, 5, 5, 5, 5, 5, 5, 5, 5, 5, 5, 5, 5, 5, 5, 5, 5, 5, 5, 5, 5, 5, 5, 5, 5, 5, 5, 5, 5, 5, 5, 5, 5, 5, 5, 5, 5, 5, 5, 5, 5, 5, 5, 5, 5, 5, 5, 5, 5, 5, 5, 5, 5, 5, 5, 5, 5, 5, 5, 5, 5, 5, 5, 5, 5, 5, 5, 5, 5, 5, 5, 5, 5, 5, 5, 5, 5, 5, 5, 5, 5, 5, 5, 5, 5, 5, 5, 5, 5, 5, 5, 5, 5, 5, 5, 5, 5, 5, 5, 5, 5, 5, 5, 5, 5, 5, 5, 5, 5, 5, 5, 5, 5, 5, 5, 5, 5, 5, 5, 5, 5, 5, 5, 5, 5, 5, 5, 5, 5, 5, 5, 5, 5, 5, 5, 5, 5, 5, 5, 5, 5, 5, 5, 5, 5, 5, 5, 5, 5, 5, 5, 5, 5, 5, 5, 5, 5, 5, 5]
labels[0]: [0, 3, 2, 3, 1, 3, 2, 1, 3, 2, 1, 3, 2, 3, 1, 3, 2, 3, 2, 1, 3, 1, 3, 1, 2, 2, 1, 3, 1, 3, 1, 2, 1, 2, 3, 2, 1, 3, 2, 1, 3, 1, 3, 1, 2, 3, 1, 2, 1, 2, 3, 2, 1, 1, 2, 3, 3, 2, 1, 3, 1, 2, 1, 2, 3, 3, 2, 3, 2, 1, 3, 2, 2, 1, 3, 1, 2, 1, 3, 1, 2, 3, 1, 1, 2, 3, 3, 2, 2, 1, 3, 2, 3, 2, 1, 3, 1, 2, 1, 3, 1, 3, 1, 2, 3, 2, 3, 1, 2, 1, 3, 1, 3, 2, 2, 1, 3, 1, 2, 2, 1, 1, 2, 3, 1, 2, 3, 3, 2, 1, 3, 2, 2, 1, 3, 1, 3, 2, 3, 1, 3, 2, 3, 2, 1, 3, 1, 2, 3, 2, 1, 1, 2, 3, 1, 2, 3, 3, 1, 2, 3, 2, 1, 1, 2, 3, 2, 1, 3, 2, 3, 2, 1, 3, 1, 2, 3, 1, 3, 1, 3, 2, 2, 1, 3, 2, 2, 1, 3, 1, 3, 1, 3, 2, 2, 1, 3, 2, 1, 3, 1, 3, 2, 3, 1, 2, 1, 3, 2, 3, 1, 2, 3, 1, 2, 1, 3, 2, 1, 3, 2, 1, 2, 3, 2, 1, 1, 2, 3, 3, 1, 2, 3, 2, 3, 1, 2, 1, 3, 2, 3, 2, 1, 3, 1, 4, -100, -100, -100, -100, -100, -100, -100, -100, -100, -100, -100, -100, -100, -100, -100, -100, -100, -100, -100, -100, -100, -100, -100, -100, -100, -100, -100, -100, -100, -100, -100, -100, -100, -100, -100, -100, -100, -100, -100, -100, -100, -100, -100, -100, -100, -100, -100, -100, -100, -100, -100, -100, -100, -100, -100, -100, -100, -100, -100, -100, -100, -100, -100, -100, -100, -100, -100, -100, -100, -100, -100, -100, -100, -100, -100, -100, -100, -100, -100, -100, -100, -100, -100, -100, -100, -100, -100, -100, -100, -100, -100, -100, -100, -100, -100, -100, -100, -100, -100, -100, -100, -100, -100, -100, -100, -100, -100, -100, -100, -100, -100, -100, -100, -100, -100, -100, -100, -100, -100, -100, -100, -100, -100, -100, -100, -100, -100, -100, -100, -100, -100, -100, -100, -100, -100, -100, -100, -100, -100, -100, -100, -100, -100, -100, -100, -100, -100, -100, -100, -100, -100, -100, -100, -100, -100, -100, -100, -100, -100, -100, -100, -100, -100, -100, -100, -100, -100, -100, -100, -100, -100, -100, -100, -100, -100, -100, -100, -100, -100, -100, -100, -100, -100, -100, -100, -100, -100, -100, -100, -100, -100, -100, -100, -100, -100, -100, -100, -100, -100, -100, -100, -100, -100, -100, -100, -100, -100, -100, -100, -100, -100, -100, -100, -100, -100, -100, -100, -100, -100, -100, -100, -100, -100, -100, -100, -100, -100, -100, -100, -100, -100, -100, -100, -100, -100, -100, -100, -100, -100, -100, -100, -100, -100, -100, -100, -100, -100, -100, -100, -100, -100, -100, -100, -100, -100, -100, -100, -100, -100, -100, -100, -100, -100, -100, -100, -100]
attention_mask[0]: [1, 1, 1, 1, 1, 1, 1, 1, 1, 1, 1, 1, 1, 1, 1, 1, 1, 1, 1, 1, 1, 1, 1, 1, 1, 1, 1, 1, 1, 1, 1, 1, 1, 1, 1, 1, 1, 1, 1, 1, 1, 1, 1, 1, 1, 1, 1, 1, 1, 1, 1, 1, 1, 1, 1, 1, 1, 1, 1, 1, 1, 1, 1, 1, 1, 1, 1, 1, 1, 1, 1, 1, 1, 1, 1, 1, 1, 1, 1, 1, 1, 1, 1, 1, 1, 1, 1, 1, 1, 1, 1, 1, 1, 1, 1, 1, 1, 1, 1, 1, 1, 1, 1, 1, 1, 1, 1, 1, 1, 1, 1, 1, 1, 1, 1, 1, 1, 1, 1, 1, 1, 1, 1, 1, 1, 1, 1, 1, 1, 1, 1, 1, 1, 1, 1, 1, 1, 1, 1, 1, 1, 1, 1, 1, 1, 1, 1, 1, 1, 1, 1, 1, 1, 1, 1, 1, 1, 1, 1, 1, 1, 1, 1, 1, 1, 1, 1, 1, 1, 1, 1, 1, 1, 1, 1, 1, 1, 1, 1, 1, 1, 1, 1, 1, 1, 1, 1, 1, 1, 1, 1, 1, 1, 1, 1, 1, 1, 1, 1, 1, 1, 1, 1, 1, 1, 1, 1, 1, 1, 1, 1, 1, 1, 1, 1, 1, 1, 1, 1, 1, 1, 1, 1, 1, 1, 1, 1, 1, 1, 1, 1, 1, 1, 1, 1, 1, 1, 1, 1, 1, 1, 1, 1, 1, 1, 1, 0, 0, 0, 0, 0, 0, 0, 0, 0, 0, 0, 0, 0, 0, 0, 0, 0, 0, 0, 0, 0, 0, 0, 0, 0, 0, 0, 0, 0, 0, 0, 0, 0, 0, 0, 0, 0, 0, 0, 0, 0, 0, 0, 0, 0, 0, 0, 0, 0, 0, 0, 0, 0, 0, 0, 0, 0, 0, 0, 0, 0, 0, 0, 0, 0, 0, 0, 0, 0, 0, 0, 0, 0, 0, 0, 0, 0, 0, 0, 0, 0, 0, 0, 0, 0, 0, 0, 0, 0, 0, 0, 0, 0, 0, 0, 0, 0, 0, 0, 0, 0, 0, 0, 0, 0, 0, 0, 0, 0, 0, 0, 0, 0, 0, 0, 0, 0, 0, 0, 0, 0, 0, 0, 0, 0, 0, 0, 0, 0, 0, 0, 0, 0, 0, 0, 0, 0, 0, 0, 0, 0, 0, 0, 0, 0, 0, 0, 0, 0, 0, 0, 0, 0, 0, 0, 0, 0, 0, 0, 0, 0, 0, 0, 0, 0, 0, 0, 0, 0, 0, 0, 0, 0, 0, 0, 0, 0, 0, 0, 0, 0, 0, 0, 0, 0, 0, 0, 0, 0, 0, 0, 0, 0, 0, 0, 0, 0, 0, 0, 0, 0, 0, 0, 0, 0, 0, 0, 0, 0, 0, 0, 0, 0, 0, 0, 0, 0, 0, 0, 0, 0, 0, 0, 0, 0, 0, 0, 0, 0, 0, 0, 0, 0, 0, 0, 0, 0, 0, 0, 0, 0, 0, 0, 0, 0, 0, 0, 0, 0, 0, 0, 0, 0, 0, 0, 0, 0, 0, 0, 0, 0, 0, 0, 0, 0, 0]
swanlab: Tracking run with swanlab version 0.7.13
swanlab: Run data will be saved locally in /ruilab/jxhe/CoE_Monitor/Physics_of_LM/swanlog/run-20260324_154229-yn7tel6p4czefltz5y5et
swanlab: 👋 Hi HXJA,welcome to swanlab!
swanlab: Syncing run gpt_standard_Pretrain to the cloud
swanlab: 🏠 View project at https://swanlab.cn/@HXJA/CFG_Pretrain
swanlab: 🚀 View run at https://swanlab.cn/@HXJA/CFG_Pretrain/runs/yn7tel6p4czefltz5y5et
[CoeTrainer] args 中未设置 resume_from_checkpoint，无法加载 CoE 状态。
[CoeTrainer] Rank 0 初始化完成
input_ids.shape: torch.Size([96, 512])
input的labels.shape: torch.Size([96, 512])
=== Step 1 ===
模型输出 keys: odict_keys(['loss', 'logits', 'hidden_states'])
logits shape: torch.Size([96, 512, 6])
loss: 1.6804875135421753
hidden_states.len == Layer_Num ==  13
labels 中 -100 比例 tensor(0.4532, device='cuda:0')
Packed 模式条件不满足: Batch=96, SeqLen=512, Labels_Shape=torch.Size([96, 512]), EOS_Token_ID=4
[普通模式] PoL PT模式,使用全量掩码。
准备保存 Layer Hidden State: torch.Size([10, 13, 768]), layer_hidden_state 原始形状: torch.Size([96, 13, 768])
{'loss': '1.179', 'grad_norm': '0.2275', 'learning_rate': '0.0002997', 'epoch': '0.00048'}
{'loss': '0.984', 'grad_norm': '2.516', 'learning_rate': '0.0002994', 'epoch': '0.00096'}
{'loss': '0.9463', 'grad_norm': '0.8906', 'learning_rate': '0.0002991', 'epoch': '0.00144'}
{'loss': '0.8652', 'grad_norm': '1.469', 'learning_rate': '0.0002988', 'epoch': '0.00192'}
{'loss': '0.7884', 'grad_norm': '2.375', 'learning_rate': '0.0002985', 'epoch': '0.0024'}
{'loss': '0.7224', 'grad_norm': '0.5273', 'learning_rate': '0.0002982', 'epoch': '0.00288'}
{'loss': '0.6734', 'grad_norm': '1.031', 'learning_rate': '0.0002979', 'epoch': '0.00336'}
{'loss': '0.6289', 'grad_norm': '0.373', 'learning_rate': '0.0002976', 'epoch': '0.00384'}
{'loss': '0.5911', 'grad_norm': '0.4746', 'learning_rate': '0.0002973', 'epoch': '0.00432'}
{'loss': '0.5546', 'grad_norm': '1.203', 'learning_rate': '0.000297', 'epoch': '0.0048'}
{'loss': '0.5213', 'grad_norm': '1.156', 'learning_rate': '0.0002967', 'epoch': '0.00528'}
{'loss': '0.5096', 'grad_norm': '0.5898', 'learning_rate': '0.0002964', 'epoch': '0.00576'}
{'loss': '0.4928', 'grad_norm': '0.4648', 'learning_rate': '0.0002961', 'epoch': '0.00624'}
{'loss': '0.4838', 'grad_norm': '1.242', 'learning_rate': '0.0002958', 'epoch': '0.00672'}
{'loss': '0.4937', 'grad_norm': '0.3594', 'learning_rate': '0.0002955', 'epoch': '0.0072'}
{'loss': '0.4698', 'grad_norm': '0.1689', 'learning_rate': '0.0002952', 'epoch': '0.00768'}
{'loss': '0.4713', 'grad_norm': '0.1807', 'learning_rate': '0.0002949', 'epoch': '0.00816'}
{'loss': '0.4599', 'grad_norm': '0.209', 'learning_rate': '0.0002946', 'epoch': '0.00864'}
{'loss': '0.4571', 'grad_norm': '0.2754', 'learning_rate': '0.0002943', 'epoch': '0.00912'}
{'loss': '0.4553', 'grad_norm': '0.6484', 'learning_rate': '0.000294', 'epoch': '0.0096'}
{'loss': '0.4532', 'grad_norm': '2.766', 'learning_rate': '0.0002937', 'epoch': '0.01008'}
{'loss': '0.4508', 'grad_norm': '0.3301', 'learning_rate': '0.0002934', 'epoch': '0.01056'}
{'loss': '0.4479', 'grad_norm': '0.2285', 'learning_rate': '0.0002931', 'epoch': '0.01104'}
{'loss': '0.4479', 'grad_norm': '0.1396', 'learning_rate': '0.0002928', 'epoch': '0.01152'}
{'loss': '0.4439', 'grad_norm': '0.2578', 'learning_rate': '0.0002925', 'epoch': '0.012'}
{'loss': '0.4436', 'grad_norm': '0.2461', 'learning_rate': '0.0002922', 'epoch': '0.01248'}
{'loss': '0.4405', 'grad_norm': '0.1348', 'learning_rate': '0.0002919', 'epoch': '0.01296'}
{'loss': '0.4416', 'grad_norm': '0.2266', 'learning_rate': '0.0002916', 'epoch': '0.01344'}
{'loss': '0.4389', 'grad_norm': '0.1162', 'learning_rate': '0.0002913', 'epoch': '0.01392'}
{'loss': '0.4392', 'grad_norm': '0.2402', 'learning_rate': '0.000291', 'epoch': '0.0144'}
{'loss': '0.4374', 'grad_norm': '0.2773', 'learning_rate': '0.0002907', 'epoch': '0.01488'}
{'loss': '0.4359', 'grad_norm': '0.1816', 'learning_rate': '0.0002904', 'epoch': '0.01536'}
{'loss': '0.4359', 'grad_norm': '0.2451', 'learning_rate': '0.0002901', 'epoch': '0.01584'}
{'loss': '0.435', 'grad_norm': '0.1387', 'learning_rate': '0.0002898', 'epoch': '0.01632'}
{'loss': '0.433', 'grad_norm': '0.2197', 'learning_rate': '0.0002895', 'epoch': '0.0168'}
{'loss': '0.4335', 'grad_norm': '0.1631', 'learning_rate': '0.0002892', 'epoch': '0.01728'}
{'loss': '0.4315', 'grad_norm': '0.3359', 'learning_rate': '0.0002889', 'epoch': '0.01776'}
{'loss': '0.4332', 'grad_norm': '0.1006', 'learning_rate': '0.0002886', 'epoch': '0.01824'}
{'loss': '0.4307', 'grad_norm': '0.2119', 'learning_rate': '0.0002883', 'epoch': '0.01872'}
{'loss': '0.4306', 'grad_norm': '0.1011', 'learning_rate': '0.000288', 'epoch': '0.0192'}
{'loss': '0.4323', 'grad_norm': '0.2695', 'learning_rate': '0.0002877', 'epoch': '0.01968'}
{'loss': '0.4296', 'grad_norm': '0.1758', 'learning_rate': '0.0002874', 'epoch': '0.02016'}
{'loss': '0.4287', 'grad_norm': '0.1631', 'learning_rate': '0.0002871', 'epoch': '0.02064'}
{'loss': '0.4279', 'grad_norm': '0.104', 'learning_rate': '0.0002868', 'epoch': '0.02112'}
{'loss': '0.4289', 'grad_norm': '0.1523', 'learning_rate': '0.0002865', 'epoch': '0.0216'}
{'loss': '0.428', 'grad_norm': '0.165', 'learning_rate': '0.0002862', 'epoch': '0.02208'}
{'loss': '0.4281', 'grad_norm': '0.08691', 'learning_rate': '0.0002859', 'epoch': '0.02256'}
{'loss': '0.4273', 'grad_norm': '0.1592', 'learning_rate': '0.0002856', 'epoch': '0.02304'}
{'loss': '0.427', 'grad_norm': '0.1748', 'learning_rate': '0.0002853', 'epoch': '0.02352'}
{'loss': '0.4275', 'grad_norm': '0.2695', 'learning_rate': '0.000285', 'epoch': '0.024'}
{'loss': '0.4265', 'grad_norm': '0.1011', 'learning_rate': '0.0002847', 'epoch': '0.02448'}
{'loss': '0.4268', 'grad_norm': '0.1455', 'learning_rate': '0.0002844', 'epoch': '0.02496'}
{'loss': '0.4272', 'grad_norm': '0.207', 'learning_rate': '0.0002841', 'epoch': '0.02544'}
{'loss': '0.4257', 'grad_norm': '0.1797', 'learning_rate': '0.0002838', 'epoch': '0.02592'}
{'loss': '0.4266', 'grad_norm': '0.08887', 'learning_rate': '0.0002835', 'epoch': '0.0264'}
{'loss': '0.4263', 'grad_norm': '0.2148', 'learning_rate': '0.0002832', 'epoch': '0.02688'}
{'loss': '0.4253', 'grad_norm': '0.2402', 'learning_rate': '0.0002829', 'epoch': '0.02736'}
{'loss': '0.4261', 'grad_norm': '0.1602', 'learning_rate': '0.0002826', 'epoch': '0.02784'}
{'loss': '0.4259', 'grad_norm': '0.1475', 'learning_rate': '0.0002823', 'epoch': '0.02832'}
{'loss': '0.4253', 'grad_norm': '0.209', 'learning_rate': '0.000282', 'epoch': '0.0288'}
{'loss': '0.4257', 'grad_norm': '0.3086', 'learning_rate': '0.0002817', 'epoch': '0.02928'}
{'loss': '0.4253', 'grad_norm': '0.08838', 'learning_rate': '0.0002814', 'epoch': '0.02976'}
{'loss': '0.4258', 'grad_norm': '0.1816', 'learning_rate': '0.0002811', 'epoch': '0.03024'}
{'loss': '0.4254', 'grad_norm': '0.1885', 'learning_rate': '0.0002808', 'epoch': '0.03072'}
{'loss': '0.4253', 'grad_norm': '0.165', 'learning_rate': '0.0002805', 'epoch': '0.0312'}
{'loss': '0.4251', 'grad_norm': '0.08252', 'learning_rate': '0.0002802', 'epoch': '0.03168'}
{'loss': '0.4255', 'grad_norm': '0.2188', 'learning_rate': '0.0002799', 'epoch': '0.03216'}
{'loss': '0.4248', 'grad_norm': '0.1543', 'learning_rate': '0.0002796', 'epoch': '0.03264'}
{'loss': '0.4254', 'grad_norm': '0.1201', 'learning_rate': '0.0002793', 'epoch': '0.03312'}
{'loss': '0.4251', 'grad_norm': '0.09814', 'learning_rate': '0.000279', 'epoch': '0.0336'}
{'loss': '0.4251', 'grad_norm': '0.1216', 'learning_rate': '0.0002787', 'epoch': '0.03408'}
{'loss': '0.4247', 'grad_norm': '0.3125', 'learning_rate': '0.0002784', 'epoch': '0.03456'}
{'loss': '0.425', 'grad_norm': '0.127', 'learning_rate': '0.0002781', 'epoch': '0.03504'}
{'loss': '0.4249', 'grad_norm': '0.1035', 'learning_rate': '0.0002778', 'epoch': '0.03552'}
{'loss': '0.4247', 'grad_norm': '0.1348', 'learning_rate': '0.0002775', 'epoch': '0.036'}
{'loss': '0.4247', 'grad_norm': '0.1592', 'learning_rate': '0.0002772', 'epoch': '0.03648'}
{'loss': '0.4245', 'grad_norm': '0.3184', 'learning_rate': '0.0002769', 'epoch': '0.03696'}
{'loss': '0.424', 'grad_norm': '0.1235', 'learning_rate': '0.0002766', 'epoch': '0.03744'}
{'loss': '0.4252', 'grad_norm': '0.1182', 'learning_rate': '0.0002763', 'epoch': '0.03792'}
{'loss': '0.4243', 'grad_norm': '0.1079', 'learning_rate': '0.000276', 'epoch': '0.0384'}
{'loss': '0.4243', 'grad_norm': '0.1611', 'learning_rate': '0.0002757', 'epoch': '0.03888'}
{'loss': '0.4246', 'grad_norm': '0.166', 'learning_rate': '0.0002754', 'epoch': '0.03936'}
{'loss': '0.4242', 'grad_norm': '0.1406', 'learning_rate': '0.0002751', 'epoch': '0.03984'}
{'loss': '0.4243', 'grad_norm': '0.1562', 'learning_rate': '0.0002748', 'epoch': '0.04032'}
{'loss': '0.4246', 'grad_norm': '0.1641', 'learning_rate': '0.0002745', 'epoch': '0.0408'}
{'loss': '0.4243', 'grad_norm': '0.2422', 'learning_rate': '0.0002742', 'epoch': '0.04128'}
{'loss': '0.4245', 'grad_norm': '0.1123', 'learning_rate': '0.0002739', 'epoch': '0.04176'}
{'loss': '0.4243', 'grad_norm': '0.1699', 'learning_rate': '0.0002736', 'epoch': '0.04224'}
{'loss': '0.4238', 'grad_norm': '0.1279', 'learning_rate': '0.0002733', 'epoch': '0.04272'}
{'loss': '0.4246', 'grad_norm': '0.1572', 'learning_rate': '0.000273', 'epoch': '0.0432'}
{'loss': '0.4242', 'grad_norm': '0.2354', 'learning_rate': '0.0002727', 'epoch': '0.04368'}
{'loss': '0.4243', 'grad_norm': '0.1885', 'learning_rate': '0.0002724', 'epoch': '0.04416'}
{'loss': '0.4241', 'grad_norm': '0.1592', 'learning_rate': '0.0002721', 'epoch': '0.04464'}
{'loss': '0.4242', 'grad_norm': '0.1309', 'learning_rate': '0.0002718', 'epoch': '0.04512'}
{'loss': '0.4243', 'grad_norm': '0.08594', 'learning_rate': '0.0002715', 'epoch': '0.0456'}
{'loss': '0.4243', 'grad_norm': '0.1699', 'learning_rate': '0.0002712', 'epoch': '0.04608'}
{'loss': '0.4241', 'grad_norm': '0.1279', 'learning_rate': '0.0002709', 'epoch': '0.04656'}
{'loss': '0.4239', 'grad_norm': '0.1138', 'learning_rate': '0.0002706', 'epoch': '0.04704'}
{'loss': '0.4245', 'grad_norm': '0.1426', 'learning_rate': '0.0002703', 'epoch': '0.04752'}
{'loss': '0.424', 'grad_norm': '0.2637', 'learning_rate': '0.00027', 'epoch': '0.048'}
{'loss': '0.4243', 'grad_norm': '0.126', 'learning_rate': '0.0002697', 'epoch': '0.04848'}
{'loss': '0.4237', 'grad_norm': '0.09277', 'learning_rate': '0.0002694', 'epoch': '0.04896'}
{'loss': '0.4241', 'grad_norm': '0.1123', 'learning_rate': '0.0002691', 'epoch': '0.04944'}
{'loss': '0.4239', 'grad_norm': '0.09863', 'learning_rate': '0.0002688', 'epoch': '0.04992'}
{'loss': '0.424', 'grad_norm': '0.1245', 'learning_rate': '0.0002685', 'epoch': '0.0504'}
{'loss': '0.4244', 'grad_norm': '0.103', 'learning_rate': '0.0002682', 'epoch': '0.05088'}
{'loss': '0.4239', 'grad_norm': '0.1104', 'learning_rate': '0.0002679', 'epoch': '0.05136'}
{'loss': '0.4242', 'grad_norm': '0.1543', 'learning_rate': '0.0002676', 'epoch': '0.05184'}
{'loss': '0.4237', 'grad_norm': '0.2871', 'learning_rate': '0.0002673', 'epoch': '0.05232'}
{'loss': '0.424', 'grad_norm': '0.1201', 'learning_rate': '0.000267', 'epoch': '0.0528'}
{'loss': '0.4239', 'grad_norm': '0.09375', 'learning_rate': '0.0002667', 'epoch': '0.05328'}
{'loss': '0.4236', 'grad_norm': '0.1572', 'learning_rate': '0.0002664', 'epoch': '0.05376'}
{'loss': '0.4243', 'grad_norm': '0.1787', 'learning_rate': '0.0002661', 'epoch': '0.05424'}
{'loss': '0.4237', 'grad_norm': '0.06641', 'learning_rate': '0.0002658', 'epoch': '0.05472'}
{'loss': '0.4239', 'grad_norm': '0.168', 'learning_rate': '0.0002655', 'epoch': '0.0552'}
{'loss': '0.4238', 'grad_norm': '0.2031', 'learning_rate': '0.0002652', 'epoch': '0.05568'}
{'loss': '0.424', 'grad_norm': '0.1328', 'learning_rate': '0.0002649', 'epoch': '0.05616'}
{'loss': '0.4242', 'grad_norm': '0.127', 'learning_rate': '0.0002646', 'epoch': '0.05664'}
{'loss': '0.4237', 'grad_norm': '0.1494', 'learning_rate': '0.0002643', 'epoch': '0.05712'}
{'loss': '0.4239', 'grad_norm': '0.248', 'learning_rate': '0.000264', 'epoch': '0.0576'}
{'loss': '0.4238', 'grad_norm': '0.08594', 'learning_rate': '0.0002637', 'epoch': '0.05808'}
{'loss': '0.4235', 'grad_norm': '0.1289', 'learning_rate': '0.0002634', 'epoch': '0.05856'}
{'loss': '0.4241', 'grad_norm': '0.168', 'learning_rate': '0.0002631', 'epoch': '0.05904'}
{'loss': '0.4238', 'grad_norm': '0.1553', 'learning_rate': '0.0002628', 'epoch': '0.05952'}
{'loss': '0.4238', 'grad_norm': '0.1504', 'learning_rate': '0.0002625', 'epoch': '0.06'}
{'loss': '0.4239', 'grad_norm': '0.1543', 'learning_rate': '0.0002622', 'epoch': '0.06048'}
{'loss': '0.4235', 'grad_norm': '0.1602', 'learning_rate': '0.0002619', 'epoch': '0.06096'}
{'loss': '0.424', 'grad_norm': '0.1133', 'learning_rate': '0.0002616', 'epoch': '0.06144'}
{'loss': '0.424', 'grad_norm': '0.1377', 'learning_rate': '0.0002613', 'epoch': '0.06192'}
{'loss': '0.4236', 'grad_norm': '0.1494', 'learning_rate': '0.000261', 'epoch': '0.0624'}
{'loss': '0.424', 'grad_norm': '0.1128', 'learning_rate': '0.0002607', 'epoch': '0.06288'}
{'loss': '0.4235', 'grad_norm': '0.1504', 'learning_rate': '0.0002604', 'epoch': '0.06336'}
{'loss': '0.4237', 'grad_norm': '0.1846', 'learning_rate': '0.0002601', 'epoch': '0.06384'}
{'loss': '0.4236', 'grad_norm': '0.1553', 'learning_rate': '0.0002598', 'epoch': '0.06432'}
{'loss': '0.424', 'grad_norm': '0.1641', 'learning_rate': '0.0002595', 'epoch': '0.0648'}
{'loss': '0.4236', 'grad_norm': '0.1338', 'learning_rate': '0.0002592', 'epoch': '0.06528'}
{'loss': '0.4238', 'grad_norm': '0.1494', 'learning_rate': '0.0002589', 'epoch': '0.06576'}
{'loss': '0.4237', 'grad_norm': '0.1191', 'learning_rate': '0.0002586', 'epoch': '0.06624'}
{'loss': '0.4239', 'grad_norm': '0.1641', 'learning_rate': '0.0002583', 'epoch': '0.06672'}
{'loss': '0.4236', 'grad_norm': '0.2891', 'learning_rate': '0.000258', 'epoch': '0.0672'}
{'loss': '0.4239', 'grad_norm': '0.06641', 'learning_rate': '0.0002577', 'epoch': '0.06768'}
{'loss': '0.4236', 'grad_norm': '0.1226', 'learning_rate': '0.0002574', 'epoch': '0.06816'}
{'loss': '0.4236', 'grad_norm': '0.09424', 'learning_rate': '0.0002571', 'epoch': '0.06864'}
{'loss': '0.4236', 'grad_norm': '0.1206', 'learning_rate': '0.0002568', 'epoch': '0.06912'}
{'loss': '0.4235', 'grad_norm': '0.1172', 'learning_rate': '0.0002565', 'epoch': '0.0696'}
{'loss': '0.4236', 'grad_norm': '0.106', 'learning_rate': '0.0002562', 'epoch': '0.07008'}
{'loss': '0.4235', 'grad_norm': '0.125', 'learning_rate': '0.0002559', 'epoch': '0.07056'}
{'loss': '0.4236', 'grad_norm': '0.08008', 'learning_rate': '0.0002556', 'epoch': '0.07104'}
{'loss': '0.4234', 'grad_norm': '0.08887', 'learning_rate': '0.0002553', 'epoch': '0.07152'}
{'loss': '0.424', 'grad_norm': '0.25', 'learning_rate': '0.000255', 'epoch': '0.072'}
{'loss': '0.4235', 'grad_norm': '0.1104', 'learning_rate': '0.0002547', 'epoch': '0.07248'}
{'loss': '0.4238', 'grad_norm': '0.252', 'learning_rate': '0.0002544', 'epoch': '0.07296'}
{'loss': '0.4233', 'grad_norm': '0.1328', 'learning_rate': '0.0002541', 'epoch': '0.07344'}
{'loss': '0.4239', 'grad_norm': '0.1494', 'learning_rate': '0.0002538', 'epoch': '0.07392'}
{'loss': '0.4234', 'grad_norm': '0.2334', 'learning_rate': '0.0002535', 'epoch': '0.0744'}
{'loss': '0.4238', 'grad_norm': '0.09619', 'learning_rate': '0.0002532', 'epoch': '0.07488'}
{'loss': '0.4235', 'grad_norm': '0.2695', 'learning_rate': '0.0002529', 'epoch': '0.07536'}
{'loss': '0.4235', 'grad_norm': '0.123', 'learning_rate': '0.0002526', 'epoch': '0.07584'}
{'loss': '0.4236', 'grad_norm': '0.08203', 'learning_rate': '0.0002523', 'epoch': '0.07632'}
{'loss': '0.4235', 'grad_norm': '0.1436', 'learning_rate': '0.000252', 'epoch': '0.0768'}
{'loss': '0.4237', 'grad_norm': '0.25', 'learning_rate': '0.0002517', 'epoch': '0.07728'}
{'loss': '0.4234', 'grad_norm': '0.1367', 'learning_rate': '0.0002514', 'epoch': '0.07776'}
{'loss': '0.4237', 'grad_norm': '0.1787', 'learning_rate': '0.0002511', 'epoch': '0.07824'}
{'loss': '0.4235', 'grad_norm': '0.09326', 'learning_rate': '0.0002508', 'epoch': '0.07872'}
{'loss': '0.4236', 'grad_norm': '0.08057', 'learning_rate': '0.0002505', 'epoch': '0.0792'}
{'loss': '0.4234', 'grad_norm': '0.1001', 'learning_rate': '0.0002502', 'epoch': '0.07968'}
{'loss': '0.4236', 'grad_norm': '0.103', 'learning_rate': '0.0002499', 'epoch': '0.08016'}
{'loss': '0.4234', 'grad_norm': '0.2109', 'learning_rate': '0.0002496', 'epoch': '0.08064'}
{'loss': '0.4236', 'grad_norm': '0.1167', 'learning_rate': '0.0002493', 'epoch': '0.08112'}
{'loss': '0.4234', 'grad_norm': '0.1846', 'learning_rate': '0.000249', 'epoch': '0.0816'}
{'loss': '0.4237', 'grad_norm': '0.2227', 'learning_rate': '0.0002487', 'epoch': '0.08208'}
{'loss': '0.4236', 'grad_norm': '0.123', 'learning_rate': '0.0002484', 'epoch': '0.08256'}
{'loss': '0.4233', 'grad_norm': '0.1514', 'learning_rate': '0.0002481', 'epoch': '0.08304'}
{'loss': '0.4237', 'grad_norm': '0.1465', 'learning_rate': '0.0002478', 'epoch': '0.08352'}
{'loss': '0.4235', 'grad_norm': '0.09277', 'learning_rate': '0.0002475', 'epoch': '0.084'}
{'loss': '0.4234', 'grad_norm': '0.1099', 'learning_rate': '0.0002472', 'epoch': '0.08448'}
{'loss': '0.4233', 'grad_norm': '0.08789', 'learning_rate': '0.0002469', 'epoch': '0.08496'}
{'loss': '0.4241', 'grad_norm': '0.2002', 'learning_rate': '0.0002466', 'epoch': '0.08544'}
{'loss': '0.4233', 'grad_norm': '0.08398', 'learning_rate': '0.0002463', 'epoch': '0.08592'}
{'loss': '0.4234', 'grad_norm': '0.1494', 'learning_rate': '0.000246', 'epoch': '0.0864'}
{'loss': '0.4233', 'grad_norm': '0.09912', 'learning_rate': '0.0002457', 'epoch': '0.08688'}
{'loss': '0.4236', 'grad_norm': '0.1211', 'learning_rate': '0.0002454', 'epoch': '0.08736'}
{'loss': '0.4234', 'grad_norm': '0.2002', 'learning_rate': '0.0002451', 'epoch': '0.08784'}
{'loss': '0.4236', 'grad_norm': '0.2275', 'learning_rate': '0.0002448', 'epoch': '0.08832'}
{'loss': '0.4234', 'grad_norm': '0.1064', 'learning_rate': '0.0002445', 'epoch': '0.0888'}
{'loss': '0.4235', 'grad_norm': '0.2578', 'learning_rate': '0.0002442', 'epoch': '0.08928'}
{'loss': '0.4235', 'grad_norm': '0.1406', 'learning_rate': '0.0002439', 'epoch': '0.08976'}
{'loss': '0.4235', 'grad_norm': '0.1699', 'learning_rate': '0.0002436', 'epoch': '0.09024'}
{'loss': '0.4232', 'grad_norm': '0.09424', 'learning_rate': '0.0002433', 'epoch': '0.09072'}
{'loss': '0.4236', 'grad_norm': '0.09229', 'learning_rate': '0.000243', 'epoch': '0.0912'}
{'loss': '0.4234', 'grad_norm': '0.2275', 'learning_rate': '0.0002427', 'epoch': '0.09168'}
{'loss': '0.4232', 'grad_norm': '0.08252', 'learning_rate': '0.0002424', 'epoch': '0.09216'}
{'loss': '0.4234', 'grad_norm': '0.1211', 'learning_rate': '0.0002421', 'epoch': '0.09264'}
{'loss': '0.4236', 'grad_norm': '0.2178', 'learning_rate': '0.0002418', 'epoch': '0.09312'}
{'loss': '0.4234', 'grad_norm': '0.1465', 'learning_rate': '0.0002415', 'epoch': '0.0936'}
{'loss': '0.4233', 'grad_norm': '0.1079', 'learning_rate': '0.0002412', 'epoch': '0.09408'}
{'loss': '0.4235', 'grad_norm': '0.1206', 'learning_rate': '0.0002409', 'epoch': '0.09456'}
{'loss': '0.4234', 'grad_norm': '0.1602', 'learning_rate': '0.0002406', 'epoch': '0.09504'}
{'loss': '0.4232', 'grad_norm': '0.0708', 'learning_rate': '0.0002403', 'epoch': '0.09552'}
{'loss': '0.4234', 'grad_norm': '0.1079', 'learning_rate': '0.00024', 'epoch': '0.096'}
{'loss': '0.4232', 'grad_norm': '0.2393', 'learning_rate': '0.0002397', 'epoch': '0.09648'}
{'loss': '0.4234', 'grad_norm': '0.2148', 'learning_rate': '0.0002394', 'epoch': '0.09696'}
{'loss': '0.4234', 'grad_norm': '0.2285', 'learning_rate': '0.0002391', 'epoch': '0.09744'}
{'loss': '0.4233', 'grad_norm': '0.1611', 'learning_rate': '0.0002388', 'epoch': '0.09792'}
{'loss': '0.4234', 'grad_norm': '0.1523', 'learning_rate': '0.0002385', 'epoch': '0.0984'}
{'loss': '0.4234', 'grad_norm': '0.1113', 'learning_rate': '0.0002382', 'epoch': '0.09888'}
{'loss': '0.4232', 'grad_norm': '0.1338', 'learning_rate': '0.0002379', 'epoch': '0.09936'}
{'loss': '0.4232', 'grad_norm': '0.127', 'learning_rate': '0.0002376', 'epoch': '0.09984'}
{'loss': '0.4235', 'grad_norm': '0.1748', 'learning_rate': '0.0002373', 'epoch': '0.1003'}
{'loss': '0.4235', 'grad_norm': '0.1387', 'learning_rate': '0.000237', 'epoch': '0.1008'}
{'loss': '0.4233', 'grad_norm': '0.0708', 'learning_rate': '0.0002367', 'epoch': '0.1013'}
{'loss': '0.4232', 'grad_norm': '0.08838', 'learning_rate': '0.0002364', 'epoch': '0.1018'}
{'loss': '0.4235', 'grad_norm': '0.1484', 'learning_rate': '0.0002361', 'epoch': '0.1022'}
{'loss': '0.4233', 'grad_norm': '0.1777', 'learning_rate': '0.0002358', 'epoch': '0.1027'}
{'loss': '0.4233', 'grad_norm': '0.1738', 'learning_rate': '0.0002355', 'epoch': '0.1032'}
{'loss': '0.4233', 'grad_norm': '0.1201', 'learning_rate': '0.0002352', 'epoch': '0.1037'}
{'loss': '0.4234', 'grad_norm': '0.1206', 'learning_rate': '0.0002349', 'epoch': '0.1042'}
{'loss': '0.4235', 'grad_norm': '0.08105', 'learning_rate': '0.0002346', 'epoch': '0.1046'}
{'loss': '0.4233', 'grad_norm': '0.1025', 'learning_rate': '0.0002343', 'epoch': '0.1051'}
{'loss': '0.4232', 'grad_norm': '0.1562', 'learning_rate': '0.000234', 'epoch': '0.1056'}
{'loss': '0.4235', 'grad_norm': '0.2217', 'learning_rate': '0.0002337', 'epoch': '0.1061'}
{'loss': '0.4237', 'grad_norm': '0.05957', 'learning_rate': '0.0002334', 'epoch': '0.1066'}
{'loss': '0.4231', 'grad_norm': '0.0835', 'learning_rate': '0.0002331', 'epoch': '0.107'}
{'loss': '0.4235', 'grad_norm': '0.08789', 'learning_rate': '0.0002328', 'epoch': '0.1075'}
{'loss': '0.4232', 'grad_norm': '0.09961', 'learning_rate': '0.0002325', 'epoch': '0.108'}
{'loss': '0.4233', 'grad_norm': '0.1387', 'learning_rate': '0.0002322', 'epoch': '0.1085'}
{'loss': '0.4236', 'grad_norm': '0.08936', 'learning_rate': '0.0002319', 'epoch': '0.109'}
{'loss': '0.4231', 'grad_norm': '0.166', 'learning_rate': '0.0002316', 'epoch': '0.1094'}
{'loss': '0.4234', 'grad_norm': '0.06396', 'learning_rate': '0.0002313', 'epoch': '0.1099'}
{'loss': '0.4234', 'grad_norm': '0.1523', 'learning_rate': '0.000231', 'epoch': '0.1104'}
{'loss': '0.4233', 'grad_norm': '0.2051', 'learning_rate': '0.0002307', 'epoch': '0.1109'}
{'loss': '0.4234', 'grad_norm': '0.1797', 'learning_rate': '0.0002304', 'epoch': '0.1114'}
{'loss': '0.4233', 'grad_norm': '0.1816', 'learning_rate': '0.0002301', 'epoch': '0.1118'}
{'loss': '0.4236', 'grad_norm': '0.25', 'learning_rate': '0.0002298', 'epoch': '0.1123'}
{'loss': '0.4234', 'grad_norm': '0.1133', 'learning_rate': '0.0002295', 'epoch': '0.1128'}
{'loss': '0.4233', 'grad_norm': '0.0874', 'learning_rate': '0.0002292', 'epoch': '0.1133'}
{'loss': '0.423', 'grad_norm': '0.1719', 'learning_rate': '0.0002289', 'epoch': '0.1138'}
{'loss': '0.4234', 'grad_norm': '0.1699', 'learning_rate': '0.0002286', 'epoch': '0.1142'}
{'loss': '0.4233', 'grad_norm': '0.1084', 'learning_rate': '0.0002283', 'epoch': '0.1147'}
{'loss': '0.4235', 'grad_norm': '0.1025', 'learning_rate': '0.000228', 'epoch': '0.1152'}
{'loss': '0.4233', 'grad_norm': '0.2197', 'learning_rate': '0.0002277', 'epoch': '0.1157'}
{'loss': '0.4232', 'grad_norm': '0.05713', 'learning_rate': '0.0002274', 'epoch': '0.1162'}
{'loss': '0.4234', 'grad_norm': '0.125', 'learning_rate': '0.0002271', 'epoch': '0.1166'}
{'loss': '0.4233', 'grad_norm': '0.1855', 'learning_rate': '0.0002268', 'epoch': '0.1171'}
{'loss': '0.4232', 'grad_norm': '0.168', 'learning_rate': '0.0002265', 'epoch': '0.1176'}
{'loss': '0.4232', 'grad_norm': '0.1279', 'learning_rate': '0.0002262', 'epoch': '0.1181'}
{'loss': '0.4234', 'grad_norm': '0.1748', 'learning_rate': '0.0002259', 'epoch': '0.1186'}
{'loss': '0.4234', 'grad_norm': '0.21', 'learning_rate': '0.0002256', 'epoch': '0.119'}
{'loss': '0.4231', 'grad_norm': '0.124', 'learning_rate': '0.0002253', 'epoch': '0.1195'}
{'loss': '0.4232', 'grad_norm': '0.08154', 'learning_rate': '0.000225', 'epoch': '0.12'}
{'loss': '0.4231', 'grad_norm': '0.1475', 'learning_rate': '0.0002247', 'epoch': '0.1205'}
{'loss': '0.4231', 'grad_norm': '0.209', 'learning_rate': '0.0002244', 'epoch': '0.121'}
{'loss': '0.4231', 'grad_norm': '0.09619', 'learning_rate': '0.0002241', 'epoch': '0.1214'}
{'loss': '0.423', 'grad_norm': '0.1475', 'learning_rate': '0.0002238', 'epoch': '0.1219'}
{'loss': '0.4233', 'grad_norm': '0.1167', 'learning_rate': '0.0002235', 'epoch': '0.1224'}
{'loss': '0.4233', 'grad_norm': '0.1064', 'learning_rate': '0.0002232', 'epoch': '0.1229'}
{'loss': '0.4232', 'grad_norm': '0.07959', 'learning_rate': '0.0002229', 'epoch': '0.1234'}
{'loss': '0.4233', 'grad_norm': '0.1572', 'learning_rate': '0.0002226', 'epoch': '0.1238'}
{'loss': '0.4232', 'grad_norm': '0.1226', 'learning_rate': '0.0002223', 'epoch': '0.1243'}
{'loss': '0.4233', 'grad_norm': '0.1465', 'learning_rate': '0.000222', 'epoch': '0.1248'}
{'loss': '0.4232', 'grad_norm': '0.2324', 'learning_rate': '0.0002217', 'epoch': '0.1253'}
{'loss': '0.4232', 'grad_norm': '0.2158', 'learning_rate': '0.0002214', 'epoch': '0.1258'}
{'loss': '0.4232', 'grad_norm': '0.06299', 'learning_rate': '0.0002211', 'epoch': '0.1262'}
{'loss': '0.4233', 'grad_norm': '0.1357', 'learning_rate': '0.0002208', 'epoch': '0.1267'}
{'loss': '0.4232', 'grad_norm': '0.0752', 'learning_rate': '0.0002205', 'epoch': '0.1272'}
{'loss': '0.4232', 'grad_norm': '0.2031', 'learning_rate': '0.0002202', 'epoch': '0.1277'}
{'loss': '0.4232', 'grad_norm': '0.06934', 'learning_rate': '0.0002199', 'epoch': '0.1282'}
{'loss': '0.4232', 'grad_norm': '0.1426', 'learning_rate': '0.0002196', 'epoch': '0.1286'}
{'loss': '0.4231', 'grad_norm': '0.07275', 'learning_rate': '0.0002193', 'epoch': '0.1291'}
{'loss': '0.4232', 'grad_norm': '0.2402', 'learning_rate': '0.000219', 'epoch': '0.1296'}
{'loss': '0.4233', 'grad_norm': '0.1011', 'learning_rate': '0.0002187', 'epoch': '0.1301'}
{'loss': '0.4231', 'grad_norm': '0.1289', 'learning_rate': '0.0002184', 'epoch': '0.1306'}
{'loss': '0.4231', 'grad_norm': '0.127', 'learning_rate': '0.0002181', 'epoch': '0.131'}
{'loss': '0.4234', 'grad_norm': '0.06494', 'learning_rate': '0.0002178', 'epoch': '0.1315'}
{'loss': '0.4234', 'grad_norm': '0.1357', 'learning_rate': '0.0002175', 'epoch': '0.132'}
{'loss': '0.423', 'grad_norm': '0.1157', 'learning_rate': '0.0002172', 'epoch': '0.1325'}
{'loss': '0.4231', 'grad_norm': '0.1885', 'learning_rate': '0.0002169', 'epoch': '0.133'}
{'loss': '0.4231', 'grad_norm': '0.09814', 'learning_rate': '0.0002166', 'epoch': '0.1334'}
{'loss': '0.4232', 'grad_norm': '0.1089', 'learning_rate': '0.0002163', 'epoch': '0.1339'}
{'loss': '0.4231', 'grad_norm': '0.209', 'learning_rate': '0.000216', 'epoch': '0.1344'}
{'loss': '0.4234', 'grad_norm': '0.1699', 'learning_rate': '0.0002157', 'epoch': '0.1349'}
{'loss': '0.4232', 'grad_norm': '0.1865', 'learning_rate': '0.0002154', 'epoch': '0.1354'}
{'loss': '0.4231', 'grad_norm': '0.2041', 'learning_rate': '0.0002151', 'epoch': '0.1358'}
{'loss': '0.4231', 'grad_norm': '0.1123', 'learning_rate': '0.0002148', 'epoch': '0.1363'}
{'loss': '0.4232', 'grad_norm': '0.1709', 'learning_rate': '0.0002145', 'epoch': '0.1368'}
{'loss': '0.4231', 'grad_norm': '0.0918', 'learning_rate': '0.0002142', 'epoch': '0.1373'}
{'loss': '0.4231', 'grad_norm': '0.126', 'learning_rate': '0.0002139', 'epoch': '0.1378'}
{'loss': '0.4233', 'grad_norm': '0.1631', 'learning_rate': '0.0002136', 'epoch': '0.1382'}
{'loss': '0.4232', 'grad_norm': '0.1836', 'learning_rate': '0.0002133', 'epoch': '0.1387'}
{'loss': '0.4231', 'grad_norm': '0.126', 'learning_rate': '0.000213', 'epoch': '0.1392'}
{'loss': '0.4232', 'grad_norm': '0.2012', 'learning_rate': '0.0002127', 'epoch': '0.1397'}
{'loss': '0.4233', 'grad_norm': '0.1011', 'learning_rate': '0.0002124', 'epoch': '0.1402'}
{'loss': '0.4231', 'grad_norm': '0.1582', 'learning_rate': '0.0002121', 'epoch': '0.1406'}
{'loss': '0.4231', 'grad_norm': '0.1934', 'learning_rate': '0.0002118', 'epoch': '0.1411'}
{'loss': '0.4232', 'grad_norm': '0.1279', 'learning_rate': '0.0002115', 'epoch': '0.1416'}
{'loss': '0.4232', 'grad_norm': '0.1416', 'learning_rate': '0.0002112', 'epoch': '0.1421'}
{'loss': '0.4232', 'grad_norm': '0.06885', 'learning_rate': '0.0002109', 'epoch': '0.1426'}
{'loss': '0.4233', 'grad_norm': '0.2695', 'learning_rate': '0.0002106', 'epoch': '0.143'}
{'loss': '0.4231', 'grad_norm': '0.1797', 'learning_rate': '0.0002103', 'epoch': '0.1435'}
{'loss': '0.4231', 'grad_norm': '0.1318', 'learning_rate': '0.00021', 'epoch': '0.144'}
{'loss': '0.4232', 'grad_norm': '0.0874', 'learning_rate': '0.0002097', 'epoch': '0.1445'}
{'loss': '0.4233', 'grad_norm': '0.124', 'learning_rate': '0.0002094', 'epoch': '0.145'}
{'loss': '0.4231', 'grad_norm': '0.1543', 'learning_rate': '0.0002091', 'epoch': '0.1454'}
{'loss': '0.4232', 'grad_norm': '0.1357', 'learning_rate': '0.0002088', 'epoch': '0.1459'}
{'loss': '0.4231', 'grad_norm': '0.1357', 'learning_rate': '0.0002085', 'epoch': '0.1464'}
{'loss': '0.4232', 'grad_norm': '0.1338', 'learning_rate': '0.0002082', 'epoch': '0.1469'}
{'loss': '0.4231', 'grad_norm': '0.1426', 'learning_rate': '0.0002079', 'epoch': '0.1474'}
{'loss': '0.4231', 'grad_norm': '0.1562', 'learning_rate': '0.0002076', 'epoch': '0.1478'}
{'loss': '0.4232', 'grad_norm': '0.1523', 'learning_rate': '0.0002073', 'epoch': '0.1483'}
{'loss': '0.423', 'grad_norm': '0.125', 'learning_rate': '0.000207', 'epoch': '0.1488'}
{'loss': '0.423', 'grad_norm': '0.1025', 'learning_rate': '0.0002067', 'epoch': '0.1493'}
{'loss': '0.4231', 'grad_norm': '0.1621', 'learning_rate': '0.0002064', 'epoch': '0.1498'}
{'loss': '0.4234', 'grad_norm': '0.1099', 'learning_rate': '0.0002061', 'epoch': '0.1502'}
{'loss': '0.423', 'grad_norm': '0.2334', 'learning_rate': '0.0002058', 'epoch': '0.1507'}
{'loss': '0.4231', 'grad_norm': '0.06543', 'learning_rate': '0.0002055', 'epoch': '0.1512'}
{'loss': '0.4231', 'grad_norm': '0.167', 'learning_rate': '0.0002052', 'epoch': '0.1517'}
{'loss': '0.423', 'grad_norm': '0.2285', 'learning_rate': '0.0002049', 'epoch': '0.1522'}
{'loss': '0.4232', 'grad_norm': '0.1377', 'learning_rate': '0.0002046', 'epoch': '0.1526'}
{'loss': '0.423', 'grad_norm': '0.208', 'learning_rate': '0.0002043', 'epoch': '0.1531'}
{'loss': '0.4233', 'grad_norm': '0.1748', 'learning_rate': '0.000204', 'epoch': '0.1536'}
{'loss': '0.4231', 'grad_norm': '0.09619', 'learning_rate': '0.0002037', 'epoch': '0.1541'}
{'loss': '0.423', 'grad_norm': '0.08252', 'learning_rate': '0.0002034', 'epoch': '0.1546'}
{'loss': '0.4233', 'grad_norm': '0.1079', 'learning_rate': '0.0002031', 'epoch': '0.155'}
{'loss': '0.4229', 'grad_norm': '0.08594', 'learning_rate': '0.0002028', 'epoch': '0.1555'}
{'loss': '0.4231', 'grad_norm': '0.2217', 'learning_rate': '0.0002025', 'epoch': '0.156'}
{'loss': '0.423', 'grad_norm': '0.1162', 'learning_rate': '0.0002022', 'epoch': '0.1565'}
{'loss': '0.4231', 'grad_norm': '0.1709', 'learning_rate': '0.0002019', 'epoch': '0.157'}
{'loss': '0.4231', 'grad_norm': '0.127', 'learning_rate': '0.0002016', 'epoch': '0.1574'}
{'loss': '0.4232', 'grad_norm': '0.07764', 'learning_rate': '0.0002013', 'epoch': '0.1579'}
{'loss': '0.423', 'grad_norm': '0.127', 'learning_rate': '0.000201', 'epoch': '0.1584'}
{'loss': '0.4231', 'grad_norm': '0.2988', 'learning_rate': '0.0002007', 'epoch': '0.1589'}
{'loss': '0.4231', 'grad_norm': '0.1436', 'learning_rate': '0.0002004', 'epoch': '0.1594'}
{'loss': '0.4231', 'grad_norm': '0.1572', 'learning_rate': '0.0002001', 'epoch': '0.1598'}
{'loss': '0.423', 'grad_norm': '0.06934', 'learning_rate': '0.0001998', 'epoch': '0.1603'}
{'loss': '0.4229', 'grad_norm': '0.1494', 'learning_rate': '0.0001995', 'epoch': '0.1608'}
{'loss': '0.4232', 'grad_norm': '0.124', 'learning_rate': '0.0001992', 'epoch': '0.1613'}
{'loss': '0.4229', 'grad_norm': '0.2285', 'learning_rate': '0.0001989', 'epoch': '0.1618'}
{'loss': '0.423', 'grad_norm': '0.2637', 'learning_rate': '0.0001986', 'epoch': '0.1622'}
{'loss': '0.4232', 'grad_norm': '0.1328', 'learning_rate': '0.0001983', 'epoch': '0.1627'}
{'loss': '0.423', 'grad_norm': '0.1147', 'learning_rate': '0.000198', 'epoch': '0.1632'}
{'loss': '0.423', 'grad_norm': '0.1143', 'learning_rate': '0.0001977', 'epoch': '0.1637'}
{'loss': '0.4231', 'grad_norm': '0.1035', 'learning_rate': '0.0001974', 'epoch': '0.1642'}
{'loss': '0.4231', 'grad_norm': '0.1108', 'learning_rate': '0.0001971', 'epoch': '0.1646'}
{'loss': '0.4231', 'grad_norm': '0.1167', 'learning_rate': '0.0001968', 'epoch': '0.1651'}
{'loss': '0.423', 'grad_norm': '0.1533', 'learning_rate': '0.0001965', 'epoch': '0.1656'}
{'loss': '0.423', 'grad_norm': '0.1069', 'learning_rate': '0.0001962', 'epoch': '0.1661'}
{'loss': '0.4232', 'grad_norm': '0.1514', 'learning_rate': '0.0001959', 'epoch': '0.1666'}
{'loss': '0.423', 'grad_norm': '0.1367', 'learning_rate': '0.0001956', 'epoch': '0.167'}
{'loss': '0.4231', 'grad_norm': '0.1963', 'learning_rate': '0.0001953', 'epoch': '0.1675'}
{'loss': '0.4233', 'grad_norm': '0.2012', 'learning_rate': '0.000195', 'epoch': '0.168'}
{'loss': '0.423', 'grad_norm': '0.1455', 'learning_rate': '0.0001947', 'epoch': '0.1685'}
{'loss': '0.4231', 'grad_norm': '0.1523', 'learning_rate': '0.0001944', 'epoch': '0.169'}
{'loss': '0.4232', 'grad_norm': '0.1846', 'learning_rate': '0.0001941', 'epoch': '0.1694'}
{'loss': '0.423', 'grad_norm': '0.1504', 'learning_rate': '0.0001938', 'epoch': '0.1699'}
{'loss': '0.423', 'grad_norm': '0.1826', 'learning_rate': '0.0001935', 'epoch': '0.1704'}
{'loss': '0.4232', 'grad_norm': '0.1562', 'learning_rate': '0.0001932', 'epoch': '0.1709'}
{'loss': '0.423', 'grad_norm': '0.125', 'learning_rate': '0.0001929', 'epoch': '0.1714'}
{'loss': '0.4229', 'grad_norm': '0.06396', 'learning_rate': '0.0001926', 'epoch': '0.1718'}
{'loss': '0.4233', 'grad_norm': '0.1035', 'learning_rate': '0.0001923', 'epoch': '0.1723'}
{'loss': '0.4229', 'grad_norm': '0.1206', 'learning_rate': '0.000192', 'epoch': '0.1728'}
{'loss': '0.4231', 'grad_norm': '0.2578', 'learning_rate': '0.0001917', 'epoch': '0.1733'}
{'loss': '0.4231', 'grad_norm': '0.08398', 'learning_rate': '0.0001914', 'epoch': '0.1738'}
{'loss': '0.4232', 'grad_norm': '0.09717', 'learning_rate': '0.0001911', 'epoch': '0.1742'}
{'loss': '0.4231', 'grad_norm': '0.1289', 'learning_rate': '0.0001908', 'epoch': '0.1747'}
{'loss': '0.4229', 'grad_norm': '0.08301', 'learning_rate': '0.0001905', 'epoch': '0.1752'}
{'loss': '0.4228', 'grad_norm': '0.1592', 'learning_rate': '0.0001902', 'epoch': '0.1757'}
{'loss': '0.4231', 'grad_norm': '0.125', 'learning_rate': '0.0001899', 'epoch': '0.1762'}
{'loss': '0.4231', 'grad_norm': '0.1426', 'learning_rate': '0.0001896', 'epoch': '0.1766'}
{'loss': '0.423', 'grad_norm': '0.1118', 'learning_rate': '0.0001893', 'epoch': '0.1771'}
{'loss': '0.423', 'grad_norm': '0.1699', 'learning_rate': '0.000189', 'epoch': '0.1776'}
{'loss': '0.4232', 'grad_norm': '0.103', 'learning_rate': '0.0001887', 'epoch': '0.1781'}
{'loss': '0.4232', 'grad_norm': '0.1924', 'learning_rate': '0.0001884', 'epoch': '0.1786'}
{'loss': '0.423', 'grad_norm': '0.165', 'learning_rate': '0.0001881', 'epoch': '0.179'}
{'loss': '0.423', 'grad_norm': '0.1025', 'learning_rate': '0.0001878', 'epoch': '0.1795'}
{'loss': '0.4231', 'grad_norm': '0.1094', 'learning_rate': '0.0001875', 'epoch': '0.18'}
{'loss': '0.4232', 'grad_norm': '0.09814', 'learning_rate': '0.0001872', 'epoch': '0.1805'}
{'loss': '0.4229', 'grad_norm': '0.1021', 'learning_rate': '0.0001869', 'epoch': '0.181'}
{'loss': '0.4231', 'grad_norm': '0.1172', 'learning_rate': '0.0001866', 'epoch': '0.1814'}
{'loss': '0.4229', 'grad_norm': '0.08691', 'learning_rate': '0.0001863', 'epoch': '0.1819'}
{'loss': '0.4231', 'grad_norm': '0.1465', 'learning_rate': '0.000186', 'epoch': '0.1824'}
{'loss': '0.423', 'grad_norm': '0.1348', 'learning_rate': '0.0001857', 'epoch': '0.1829'}
{'loss': '0.4232', 'grad_norm': '0.1631', 'learning_rate': '0.0001854', 'epoch': '0.1834'}
{'loss': '0.4229', 'grad_norm': '0.209', 'learning_rate': '0.0001851', 'epoch': '0.1838'}
{'loss': '0.423', 'grad_norm': '0.1338', 'learning_rate': '0.0001848', 'epoch': '0.1843'}
{'loss': '0.4229', 'grad_norm': '0.1162', 'learning_rate': '0.0001845', 'epoch': '0.1848'}
{'loss': '0.4229', 'grad_norm': '0.1699', 'learning_rate': '0.0001842', 'epoch': '0.1853'}
{'loss': '0.4229', 'grad_norm': '0.0603', 'learning_rate': '0.0001839', 'epoch': '0.1858'}
{'loss': '0.4231', 'grad_norm': '0.1611', 'learning_rate': '0.0001836', 'epoch': '0.1862'}
{'loss': '0.4228', 'grad_norm': '0.05542', 'learning_rate': '0.0001833', 'epoch': '0.1867'}
{'loss': '0.423', 'grad_norm': '0.1245', 'learning_rate': '0.000183', 'epoch': '0.1872'}
{'loss': '0.4231', 'grad_norm': '0.06934', 'learning_rate': '0.0001827', 'epoch': '0.1877'}
{'loss': '0.4231', 'grad_norm': '0.06787', 'learning_rate': '0.0001824', 'epoch': '0.1882'}
{'loss': '0.423', 'grad_norm': '0.1934', 'learning_rate': '0.0001821', 'epoch': '0.1886'}
{'loss': '0.4229', 'grad_norm': '0.0542', 'learning_rate': '0.0001818', 'epoch': '0.1891'}
{'loss': '0.423', 'grad_norm': '0.1807', 'learning_rate': '0.0001815', 'epoch': '0.1896'}
{'loss': '0.423', 'grad_norm': '0.09277', 'learning_rate': '0.0001812', 'epoch': '0.1901'}
{'loss': '0.4228', 'grad_norm': '0.1279', 'learning_rate': '0.0001809', 'epoch': '0.1906'}
{'loss': '0.423', 'grad_norm': '0.08838', 'learning_rate': '0.0001806', 'epoch': '0.191'}
{'loss': '0.423', 'grad_norm': '0.1338', 'learning_rate': '0.0001803', 'epoch': '0.1915'}
{'loss': '0.4231', 'grad_norm': '0.08398', 'learning_rate': '0.00018', 'epoch': '0.192'}
{'loss': '0.4229', 'grad_norm': '0.1553', 'learning_rate': '0.0001797', 'epoch': '0.1925'}
{'loss': '0.423', 'grad_norm': '0.1562', 'learning_rate': '0.0001794', 'epoch': '0.193'}
{'loss': '0.4232', 'grad_norm': '0.105', 'learning_rate': '0.0001791', 'epoch': '0.1934'}
{'loss': '0.423', 'grad_norm': '0.1128', 'learning_rate': '0.0001788', 'epoch': '0.1939'}
{'loss': '0.4229', 'grad_norm': '0.1846', 'learning_rate': '0.0001785', 'epoch': '0.1944'}
{'loss': '0.4229', 'grad_norm': '0.124', 'learning_rate': '0.0001782', 'epoch': '0.1949'}
{'loss': '0.4231', 'grad_norm': '0.1729', 'learning_rate': '0.0001779', 'epoch': '0.1954'}
{'loss': '0.4232', 'grad_norm': '0.2334', 'learning_rate': '0.0001776', 'epoch': '0.1958'}
{'loss': '0.4231', 'grad_norm': '0.125', 'learning_rate': '0.0001773', 'epoch': '0.1963'}
{'loss': '0.4231', 'grad_norm': '0.0918', 'learning_rate': '0.000177', 'epoch': '0.1968'}
{'loss': '0.423', 'grad_norm': '0.125', 'learning_rate': '0.0001767', 'epoch': '0.1973'}
{'loss': '0.4229', 'grad_norm': '0.1875', 'learning_rate': '0.0001764', 'epoch': '0.1978'}
{'loss': '0.423', 'grad_norm': '0.1514', 'learning_rate': '0.0001761', 'epoch': '0.1982'}
{'loss': '0.423', 'grad_norm': '0.09229', 'learning_rate': '0.0001758', 'epoch': '0.1987'}
{'loss': '0.423', 'grad_norm': '0.2041', 'learning_rate': '0.0001755', 'epoch': '0.1992'}
{'loss': '0.4232', 'grad_norm': '0.1123', 'learning_rate': '0.0001752', 'epoch': '0.1997'}
{'loss': '0.423', 'grad_norm': '0.1396', 'learning_rate': '0.0001749', 'epoch': '0.2002'}
{'loss': '0.423', 'grad_norm': '0.1143', 'learning_rate': '0.0001746', 'epoch': '0.2006'}
{'loss': '0.423', 'grad_norm': '0.1138', 'learning_rate': '0.0001743', 'epoch': '0.2011'}
{'loss': '0.423', 'grad_norm': '0.1475', 'learning_rate': '0.000174', 'epoch': '0.2016'}
{'loss': '0.4231', 'grad_norm': '0.0752', 'learning_rate': '0.0001737', 'epoch': '0.2021'}
{'loss': '0.423', 'grad_norm': '0.1196', 'learning_rate': '0.0001734', 'epoch': '0.2026'}
{'loss': '0.423', 'grad_norm': '0.1157', 'learning_rate': '0.0001731', 'epoch': '0.203'}
{'loss': '0.4229', 'grad_norm': '0.1855', 'learning_rate': '0.0001728', 'epoch': '0.2035'}
{'loss': '0.423', 'grad_norm': '0.1396', 'learning_rate': '0.0001725', 'epoch': '0.204'}
{'loss': '0.4231', 'grad_norm': '0.1426', 'learning_rate': '0.0001722', 'epoch': '0.2045'}
{'loss': '0.4231', 'grad_norm': '0.2461', 'learning_rate': '0.0001719', 'epoch': '0.205'}
{'loss': '0.423', 'grad_norm': '0.1357', 'learning_rate': '0.0001716', 'epoch': '0.2054'}
{'loss': '0.423', 'grad_norm': '0.1592', 'learning_rate': '0.0001713', 'epoch': '0.2059'}
{'loss': '0.423', 'grad_norm': '0.0918', 'learning_rate': '0.000171', 'epoch': '0.2064'}
{'loss': '0.4229', 'grad_norm': '0.1973', 'learning_rate': '0.0001707', 'epoch': '0.2069'}
{'loss': '0.4229', 'grad_norm': '0.07373', 'learning_rate': '0.0001704', 'epoch': '0.2074'}
{'loss': '0.4228', 'grad_norm': '0.1128', 'learning_rate': '0.0001701', 'epoch': '0.2078'}
{'loss': '0.4231', 'grad_norm': '0.1191', 'learning_rate': '0.0001698', 'epoch': '0.2083'}
{'loss': '0.423', 'grad_norm': '0.1562', 'learning_rate': '0.0001695', 'epoch': '0.2088'}
{'loss': '0.4228', 'grad_norm': '0.1562', 'learning_rate': '0.0001692', 'epoch': '0.2093'}
{'loss': '0.4227', 'grad_norm': '0.1787', 'learning_rate': '0.0001689', 'epoch': '0.2098'}
{'loss': '0.423', 'grad_norm': '0.09326', 'learning_rate': '0.0001686', 'epoch': '0.2102'}
{'loss': '0.4229', 'grad_norm': '0.1055', 'learning_rate': '0.0001683', 'epoch': '0.2107'}
{'loss': '0.4231', 'grad_norm': '0.1562', 'learning_rate': '0.000168', 'epoch': '0.2112'}
{'loss': '0.4231', 'grad_norm': '0.1631', 'learning_rate': '0.0001677', 'epoch': '0.2117'}
{'loss': '0.4229', 'grad_norm': '0.1357', 'learning_rate': '0.0001674', 'epoch': '0.2122'}
{'loss': '0.4229', 'grad_norm': '0.1211', 'learning_rate': '0.0001671', 'epoch': '0.2126'}
{'loss': '0.4229', 'grad_norm': '0.1426', 'learning_rate': '0.0001668', 'epoch': '0.2131'}
{'loss': '0.4228', 'grad_norm': '0.1045', 'learning_rate': '0.0001665', 'epoch': '0.2136'}
{'loss': '0.4229', 'grad_norm': '0.167', 'learning_rate': '0.0001662', 'epoch': '0.2141'}
{'loss': '0.4231', 'grad_norm': '0.09229', 'learning_rate': '0.0001659', 'epoch': '0.2146'}
{'loss': '0.423', 'grad_norm': '0.08447', 'learning_rate': '0.0001656', 'epoch': '0.215'}
{'loss': '0.423', 'grad_norm': '0.08643', 'learning_rate': '0.0001653', 'epoch': '0.2155'}
{'loss': '0.4229', 'grad_norm': '0.07812', 'learning_rate': '0.000165', 'epoch': '0.216'}
{'loss': '0.423', 'grad_norm': '0.1396', 'learning_rate': '0.0001647', 'epoch': '0.2165'}
{'loss': '0.4229', 'grad_norm': '0.1523', 'learning_rate': '0.0001644', 'epoch': '0.217'}
{'loss': '0.423', 'grad_norm': '0.09912', 'learning_rate': '0.0001641', 'epoch': '0.2174'}
{'loss': '0.4229', 'grad_norm': '0.1504', 'learning_rate': '0.0001638', 'epoch': '0.2179'}
{'loss': '0.4231', 'grad_norm': '0.2148', 'learning_rate': '0.0001635', 'epoch': '0.2184'}
{'loss': '0.4229', 'grad_norm': '0.1045', 'learning_rate': '0.0001632', 'epoch': '0.2189'}
{'loss': '0.4229', 'grad_norm': '0.09668', 'learning_rate': '0.0001629', 'epoch': '0.2194'}
{'loss': '0.4231', 'grad_norm': '0.2139', 'learning_rate': '0.0001626', 'epoch': '0.2198'}
{'loss': '0.4229', 'grad_norm': '0.1865', 'learning_rate': '0.0001623', 'epoch': '0.2203'}
{'loss': '0.4231', 'grad_norm': '0.08691', 'learning_rate': '0.000162', 'epoch': '0.2208'}
{'loss': '0.4229', 'grad_norm': '0.1475', 'learning_rate': '0.0001617', 'epoch': '0.2213'}
{'loss': '0.4228', 'grad_norm': '0.2256', 'learning_rate': '0.0001614', 'epoch': '0.2218'}
{'loss': '0.4229', 'grad_norm': '0.1196', 'learning_rate': '0.0001611', 'epoch': '0.2222'}
{'loss': '0.423', 'grad_norm': '0.09424', 'learning_rate': '0.0001608', 'epoch': '0.2227'}
{'loss': '0.4229', 'grad_norm': '0.1108', 'learning_rate': '0.0001605', 'epoch': '0.2232'}
{'loss': '0.423', 'grad_norm': '0.1445', 'learning_rate': '0.0001602', 'epoch': '0.2237'}
{'loss': '0.4228', 'grad_norm': '0.126', 'learning_rate': '0.0001599', 'epoch': '0.2242'}
{'loss': '0.423', 'grad_norm': '0.09814', 'learning_rate': '0.0001596', 'epoch': '0.2246'}
{'loss': '0.4228', 'grad_norm': '0.1099', 'learning_rate': '0.0001593', 'epoch': '0.2251'}
{'loss': '0.423', 'grad_norm': '0.08789', 'learning_rate': '0.000159', 'epoch': '0.2256'}
{'loss': '0.423', 'grad_norm': '0.166', 'learning_rate': '0.0001587', 'epoch': '0.2261'}
{'loss': '0.4228', 'grad_norm': '0.1436', 'learning_rate': '0.0001584', 'epoch': '0.2266'}
{'loss': '0.423', 'grad_norm': '0.1138', 'learning_rate': '0.0001581', 'epoch': '0.227'}
{'loss': '0.4229', 'grad_norm': '0.1348', 'learning_rate': '0.0001578', 'epoch': '0.2275'}
{'loss': '0.4228', 'grad_norm': '0.05957', 'learning_rate': '0.0001575', 'epoch': '0.228'}
{'loss': '0.4229', 'grad_norm': '0.1494', 'learning_rate': '0.0001572', 'epoch': '0.2285'}
{'loss': '0.4232', 'grad_norm': '0.127', 'learning_rate': '0.0001569', 'epoch': '0.229'}
{'loss': '0.4227', 'grad_norm': '0.1367', 'learning_rate': '0.0001566', 'epoch': '0.2294'}
{'loss': '0.423', 'grad_norm': '0.1689', 'learning_rate': '0.0001563', 'epoch': '0.2299'}
{'loss': '0.423', 'grad_norm': '0.1562', 'learning_rate': '0.000156', 'epoch': '0.2304'}
{'loss': '0.4228', 'grad_norm': '0.08203', 'learning_rate': '0.0001557', 'epoch': '0.2309'}
{'loss': '0.423', 'grad_norm': '0.06396', 'learning_rate': '0.0001554', 'epoch': '0.2314'}
{'loss': '0.4229', 'grad_norm': '0.1465', 'learning_rate': '0.0001551', 'epoch': '0.2318'}
{'loss': '0.4229', 'grad_norm': '0.1196', 'learning_rate': '0.0001548', 'epoch': '0.2323'}
{'loss': '0.4227', 'grad_norm': '0.06738', 'learning_rate': '0.0001545', 'epoch': '0.2328'}
{'loss': '0.4231', 'grad_norm': '0.08936', 'learning_rate': '0.0001542', 'epoch': '0.2333'}
{'loss': '0.423', 'grad_norm': '0.1797', 'learning_rate': '0.0001539', 'epoch': '0.2338'}
{'loss': '0.4228', 'grad_norm': '0.09619', 'learning_rate': '0.0001536', 'epoch': '0.2342'}
{'loss': '0.4231', 'grad_norm': '0.1348', 'learning_rate': '0.0001533', 'epoch': '0.2347'}
{'loss': '0.4228', 'grad_norm': '0.1011', 'learning_rate': '0.000153', 'epoch': '0.2352'}
{'loss': '0.4229', 'grad_norm': '0.1709', 'learning_rate': '0.0001527', 'epoch': '0.2357'}
{'loss': '0.423', 'grad_norm': '0.1553', 'learning_rate': '0.0001524', 'epoch': '0.2362'}
{'loss': '0.4229', 'grad_norm': '0.1572', 'learning_rate': '0.0001521', 'epoch': '0.2366'}
{'loss': '0.423', 'grad_norm': '0.1777', 'learning_rate': '0.0001518', 'epoch': '0.2371'}
{'loss': '0.4229', 'grad_norm': '0.1289', 'learning_rate': '0.0001515', 'epoch': '0.2376'}
{'loss': '0.423', 'grad_norm': '0.09473', 'learning_rate': '0.0001512', 'epoch': '0.2381'}
{'loss': '0.4229', 'grad_norm': '0.06543', 'learning_rate': '0.0001509', 'epoch': '0.2386'}
{'loss': '0.4229', 'grad_norm': '0.1387', 'learning_rate': '0.0001506', 'epoch': '0.239'}
{'loss': '0.4229', 'grad_norm': '0.1387', 'learning_rate': '0.0001503', 'epoch': '0.2395'}
{'loss': '0.4231', 'grad_norm': '0.06104', 'learning_rate': '0.00015', 'epoch': '0.24'}
