训练配置: MAX_STEPS=100000, LEARNING_RATE=0.0003, BATCH_SIZE=96, GRADIENT_ACCUMULATION_STEPS=1, LR_SCHEDULER_TYPE=linear, BF16=True, FP16=False
Load pretrained generic CausalLM model from: /ruilab/jxhe/CoE_Monitor/Physics_of_LM/Part1/checkpoints/llama_Init/Llama_vocab_6_113M with flash_attention_2

[Collator Preview]
input_ids shape: (2, 512), labels shape: (2, 512), attention_mask shape: (2, 512)
input_ids[0]: [0, 3, 2, 2, 1, 1, 2, 2, 1, 2, 2, 1, 1, 1, 3, 3, 2, 2, 1, 1, 2, 1, 3, 2, 2, 1, 1, 2, 2, 1, 3, 2, 2, 3, 3, 1, 3, 3, 1, 1, 1, 1, 1, 1, 2, 3, 1, 1, 1, 1, 3, 3, 3, 3, 3, 1, 1, 1, 2, 1, 3, 1, 1, 1, 2, 1, 3, 1, 2, 3, 3, 1, 2, 3, 1, 1, 1, 1, 3, 1, 2, 1, 1, 3, 1, 2, 3, 1, 1, 3, 3, 1, 1, 2, 1, 3, 3, 1, 3, 1, 1, 3, 1, 1, 1, 2, 1, 3, 3, 3, 3, 3, 1, 2, 1, 2, 1, 3, 3, 1, 3, 3, 1, 1, 2, 2, 1, 1, 1, 1, 1, 1, 1, 3, 2, 2, 3, 2, 2, 3, 3, 1, 2, 3, 2, 2, 1, 1, 3, 3, 3, 2, 2, 1, 2, 1, 3, 1, 2, 3, 3, 2, 2, 1, 4, 5, 5, 5, 5, 5, 5, 5, 5, 5, 5, 5, 5, 5, 5, 5, 5, 5, 5, 5, 5, 5, 5, 5, 5, 5, 5, 5, 5, 5, 5, 5, 5, 5, 5, 5, 5, 5, 5, 5, 5, 5, 5, 5, 5, 5, 5, 5, 5, 5, 5, 5, 5, 5, 5, 5, 5, 5, 5, 5, 5, 5, 5, 5, 5, 5, 5, 5, 5, 5, 5, 5, 5, 5, 5, 5, 5, 5, 5, 5, 5, 5, 5, 5, 5, 5, 5, 5, 5, 5, 5, 5, 5, 5, 5, 5, 5, 5, 5, 5, 5, 5, 5, 5, 5, 5, 5, 5, 5, 5, 5, 5, 5, 5, 5, 5, 5, 5, 5, 5, 5, 5, 5, 5, 5, 5, 5, 5, 5, 5, 5, 5, 5, 5, 5, 5, 5, 5, 5, 5, 5, 5, 5, 5, 5, 5, 5, 5, 5, 5, 5, 5, 5, 5, 5, 5, 5, 5, 5, 5, 5, 5, 5, 5, 5, 5, 5, 5, 5, 5, 5, 5, 5, 5, 5, 5, 5, 5, 5, 5, 5, 5, 5, 5, 5, 5, 5, 5, 5, 5, 5, 5, 5, 5, 5, 5, 5, 5, 5, 5, 5, 5, 5, 5, 5, 5, 5, 5, 5, 5, 5, 5, 5, 5, 5, 5, 5, 5, 5, 5, 5, 5, 5, 5, 5, 5, 5, 5, 5, 5, 5, 5, 5, 5, 5, 5, 5, 5, 5, 5, 5, 5, 5, 5, 5, 5, 5, 5, 5, 5, 5, 5, 5, 5, 5, 5, 5, 5, 5, 5, 5, 5, 5, 5, 5, 5, 5, 5, 5, 5, 5, 5, 5, 5, 5, 5, 5, 5, 5, 5, 5, 5, 5, 5, 5, 5, 5, 5, 5, 5, 5, 5, 5, 5, 5, 5, 5, 5, 5, 5, 5, 5, 5, 5, 5, 5, 5, 5, 5, 5, 5, 5, 5, 5, 5, 5, 5, 5, 5, 5, 5, 5, 5, 5, 5, 5, 5, 5, 5, 5, 5, 5, 5, 5, 5, 5, 5, 5, 5, 5, 5, 5, 5, 5, 5, 5, 5, 5]
labels[0]: [0, 3, 2, 2, 1, 1, 2, 2, 1, 2, 2, 1, 1, 1, 3, 3, 2, 2, 1, 1, 2, 1, 3, 2, 2, 1, 1, 2, 2, 1, 3, 2, 2, 3, 3, 1, 3, 3, 1, 1, 1, 1, 1, 1, 2, 3, 1, 1, 1, 1, 3, 3, 3, 3, 3, 1, 1, 1, 2, 1, 3, 1, 1, 1, 2, 1, 3, 1, 2, 3, 3, 1, 2, 3, 1, 1, 1, 1, 3, 1, 2, 1, 1, 3, 1, 2, 3, 1, 1, 3, 3, 1, 1, 2, 1, 3, 3, 1, 3, 1, 1, 3, 1, 1, 1, 2, 1, 3, 3, 3, 3, 3, 1, 2, 1, 2, 1, 3, 3, 1, 3, 3, 1, 1, 2, 2, 1, 1, 1, 1, 1, 1, 1, 3, 2, 2, 3, 2, 2, 3, 3, 1, 2, 3, 2, 2, 1, 1, 3, 3, 3, 2, 2, 1, 2, 1, 3, 1, 2, 3, 3, 2, 2, 1, 4, -100, -100, -100, -100, -100, -100, -100, -100, -100, -100, -100, -100, -100, -100, -100, -100, -100, -100, -100, -100, -100, -100, -100, -100, -100, -100, -100, -100, -100, -100, -100, -100, -100, -100, -100, -100, -100, -100, -100, -100, -100, -100, -100, -100, -100, -100, -100, -100, -100, -100, -100, -100, -100, -100, -100, -100, -100, -100, -100, -100, -100, -100, -100, -100, -100, -100, -100, -100, -100, -100, -100, -100, -100, -100, -100, -100, -100, -100, -100, -100, -100, -100, -100, -100, -100, -100, -100, -100, -100, -100, -100, -100, -100, -100, -100, -100, -100, -100, -100, -100, -100, -100, -100, -100, -100, -100, -100, -100, -100, -100, -100, -100, -100, -100, -100, -100, -100, -100, -100, -100, -100, -100, -100, -100, -100, -100, -100, -100, -100, -100, -100, -100, -100, -100, -100, -100, -100, -100, -100, -100, -100, -100, -100, -100, -100, -100, -100, -100, -100, -100, -100, -100, -100, -100, -100, -100, -100, -100, -100, -100, -100, -100, -100, -100, -100, -100, -100, -100, -100, -100, -100, -100, -100, -100, -100, -100, -100, -100, -100, -100, -100, -100, -100, -100, -100, -100, -100, -100, -100, -100, -100, -100, -100, -100, -100, -100, -100, -100, -100, -100, -100, -100, -100, -100, -100, -100, -100, -100, -100, -100, -100, -100, -100, -100, -100, -100, -100, -100, -100, -100, -100, -100, -100, -100, -100, -100, -100, -100, -100, -100, -100, -100, -100, -100, -100, -100, -100, -100, -100, -100, -100, -100, -100, -100, -100, -100, -100, -100, -100, -100, -100, -100, -100, -100, -100, -100, -100, -100, -100, -100, -100, -100, -100, -100, -100, -100, -100, -100, -100, -100, -100, -100, -100, -100, -100, -100, -100, -100, -100, -100, -100, -100, -100, -100, -100, -100, -100, -100, -100, -100, -100, -100, -100, -100, -100, -100, -100, -100, -100, -100, -100, -100, -100, -100, -100, -100, -100, -100, -100, -100, -100, -100, -100, -100, -100, -100, -100, -100, -100, -100, -100, -100, -100, -100, -100, -100, -100, -100, -100, -100, -100, -100, -100, -100, -100, -100, -100, -100, -100, -100, -100, -100, -100, -100, -100, -100, -100]
attention_mask[0]: [1, 1, 1, 1, 1, 1, 1, 1, 1, 1, 1, 1, 1, 1, 1, 1, 1, 1, 1, 1, 1, 1, 1, 1, 1, 1, 1, 1, 1, 1, 1, 1, 1, 1, 1, 1, 1, 1, 1, 1, 1, 1, 1, 1, 1, 1, 1, 1, 1, 1, 1, 1, 1, 1, 1, 1, 1, 1, 1, 1, 1, 1, 1, 1, 1, 1, 1, 1, 1, 1, 1, 1, 1, 1, 1, 1, 1, 1, 1, 1, 1, 1, 1, 1, 1, 1, 1, 1, 1, 1, 1, 1, 1, 1, 1, 1, 1, 1, 1, 1, 1, 1, 1, 1, 1, 1, 1, 1, 1, 1, 1, 1, 1, 1, 1, 1, 1, 1, 1, 1, 1, 1, 1, 1, 1, 1, 1, 1, 1, 1, 1, 1, 1, 1, 1, 1, 1, 1, 1, 1, 1, 1, 1, 1, 1, 1, 1, 1, 1, 1, 1, 1, 1, 1, 1, 1, 1, 1, 1, 1, 1, 1, 1, 1, 1, 0, 0, 0, 0, 0, 0, 0, 0, 0, 0, 0, 0, 0, 0, 0, 0, 0, 0, 0, 0, 0, 0, 0, 0, 0, 0, 0, 0, 0, 0, 0, 0, 0, 0, 0, 0, 0, 0, 0, 0, 0, 0, 0, 0, 0, 0, 0, 0, 0, 0, 0, 0, 0, 0, 0, 0, 0, 0, 0, 0, 0, 0, 0, 0, 0, 0, 0, 0, 0, 0, 0, 0, 0, 0, 0, 0, 0, 0, 0, 0, 0, 0, 0, 0, 0, 0, 0, 0, 0, 0, 0, 0, 0, 0, 0, 0, 0, 0, 0, 0, 0, 0, 0, 0, 0, 0, 0, 0, 0, 0, 0, 0, 0, 0, 0, 0, 0, 0, 0, 0, 0, 0, 0, 0, 0, 0, 0, 0, 0, 0, 0, 0, 0, 0, 0, 0, 0, 0, 0, 0, 0, 0, 0, 0, 0, 0, 0, 0, 0, 0, 0, 0, 0, 0, 0, 0, 0, 0, 0, 0, 0, 0, 0, 0, 0, 0, 0, 0, 0, 0, 0, 0, 0, 0, 0, 0, 0, 0, 0, 0, 0, 0, 0, 0, 0, 0, 0, 0, 0, 0, 0, 0, 0, 0, 0, 0, 0, 0, 0, 0, 0, 0, 0, 0, 0, 0, 0, 0, 0, 0, 0, 0, 0, 0, 0, 0, 0, 0, 0, 0, 0, 0, 0, 0, 0, 0, 0, 0, 0, 0, 0, 0, 0, 0, 0, 0, 0, 0, 0, 0, 0, 0, 0, 0, 0, 0, 0, 0, 0, 0, 0, 0, 0, 0, 0, 0, 0, 0, 0, 0, 0, 0, 0, 0, 0, 0, 0, 0, 0, 0, 0, 0, 0, 0, 0, 0, 0, 0, 0, 0, 0, 0, 0, 0, 0, 0, 0, 0, 0, 0, 0, 0, 0, 0, 0, 0, 0, 0, 0, 0, 0, 0, 0, 0, 0, 0, 0, 0, 0, 0, 0, 0, 0, 0, 0, 0, 0, 0, 0, 0, 0, 0, 0, 0, 0, 0, 0, 0, 0, 0, 0, 0, 0, 0, 0, 0, 0, 0, 0, 0, 0, 0, 0, 0, 0, 0, 0]
swanlab: Tracking run with swanlab version 0.7.13
swanlab: Run data will be saved locally in /ruilab/jxhe/CoE_Monitor/Physics_of_LM/Part1/swanlog/run-20260324_124949-9b3614ikxiwpm2d8gqxun
swanlab: 👋 Hi HXJA,welcome to swanlab!
swanlab: Syncing run gpt2_None_pretrain to the cloud
swanlab: 🏠 View project at https://swanlab.cn/@HXJA/CFG_Pretrain
swanlab: 🚀 View run at https://swanlab.cn/@HXJA/CFG_Pretrain/runs/9b3614ikxiwpm2d8gqxun
[CoeTrainer] args 中未设置 resume_from_checkpoint，无法加载 CoE 状态。
[CoeTrainer] Rank 0 初始化完成
input_ids.shape: torch.Size([96, 512])
input的labels.shape: torch.Size([96, 512])
=== Step 1 ===
模型输出 keys: odict_keys(['loss', 'logits', 'hidden_states'])
logits shape: torch.Size([96, 512, 6])
loss: 1.8799529075622559
hidden_states.len == Layer_Num ==  13
labels 中 -100 比例 tensor(0.4939, device='cuda:0')
Packed 模式条件不满足: Batch=96, SeqLen=512, Labels_Shape=torch.Size([96, 512]), EOS_Token_ID=4
[普通模式] PoL PT模式,使用全量掩码。
准备保存 Layer Hidden State: torch.Size([10, 13, 768]), layer_hidden_state 原始形状: torch.Size([96, 13, 768])
{'loss': '1.171', 'grad_norm': '1.641', 'learning_rate': '0.0002997', 'epoch': '0.00048'}
{'loss': '0.9095', 'grad_norm': '0.2119', 'learning_rate': '0.0002994', 'epoch': '0.00096'}
{'loss': '0.8418', 'grad_norm': '0.8828', 'learning_rate': '0.0002991', 'epoch': '0.00144'}
{'loss': '0.8252', 'grad_norm': '1.5', 'learning_rate': '0.0002988', 'epoch': '0.00192'}
{'loss': '0.8126', 'grad_norm': '0.4688', 'learning_rate': '0.0002985', 'epoch': '0.0024'}
{'loss': '0.7966', 'grad_norm': '0.5508', 'learning_rate': '0.0002982', 'epoch': '0.00288'}
{'loss': '0.7908', 'grad_norm': '0.2412', 'learning_rate': '0.0002979', 'epoch': '0.00336'}
{'loss': '0.7874', 'grad_norm': '0.2129', 'learning_rate': '0.0002976', 'epoch': '0.00384'}
{'loss': '0.7868', 'grad_norm': '0.3125', 'learning_rate': '0.0002973', 'epoch': '0.00432'}
{'loss': '0.782', 'grad_norm': '0.2754', 'learning_rate': '0.000297', 'epoch': '0.0048'}
{'loss': '0.7817', 'grad_norm': '0.6445', 'learning_rate': '0.0002967', 'epoch': '0.00528'}
{'loss': '0.7777', 'grad_norm': '0.4219', 'learning_rate': '0.0002964', 'epoch': '0.00576'}
{'loss': '0.7877', 'grad_norm': '0.1206', 'learning_rate': '0.0002961', 'epoch': '0.00624'}
{'loss': '0.7743', 'grad_norm': '0.3867', 'learning_rate': '0.0002958', 'epoch': '0.00672'}
{'loss': '0.7726', 'grad_norm': '0.4863', 'learning_rate': '0.0002955', 'epoch': '0.0072'}
{'loss': '0.7713', 'grad_norm': '0.4922', 'learning_rate': '0.0002952', 'epoch': '0.00768'}
{'loss': '0.7724', 'grad_norm': '0.1064', 'learning_rate': '0.0002949', 'epoch': '0.00816'}
{'loss': '0.7682', 'grad_norm': '0.4805', 'learning_rate': '0.0002946', 'epoch': '0.00864'}
{'loss': '0.7677', 'grad_norm': '0.3301', 'learning_rate': '0.0002943', 'epoch': '0.00912'}
{'loss': '0.7702', 'grad_norm': '0.291', 'learning_rate': '0.000294', 'epoch': '0.0096'}
{'loss': '0.7671', 'grad_norm': '0.5469', 'learning_rate': '0.0002937', 'epoch': '0.01008'}
{'loss': '0.7652', 'grad_norm': '0.2598', 'learning_rate': '0.0002934', 'epoch': '0.01056'}
{'loss': '0.7664', 'grad_norm': '0.4863', 'learning_rate': '0.0002931', 'epoch': '0.01104'}
{'loss': '0.7646', 'grad_norm': '0.1992', 'learning_rate': '0.0002928', 'epoch': '0.01152'}
{'loss': '0.7633', 'grad_norm': '0.1572', 'learning_rate': '0.0002925', 'epoch': '0.012'}
{'loss': '0.765', 'grad_norm': '0.3164', 'learning_rate': '0.0002922', 'epoch': '0.01248'}
{'loss': '0.763', 'grad_norm': '0.3301', 'learning_rate': '0.0002919', 'epoch': '0.01296'}
{'loss': '0.7634', 'grad_norm': '0.1758', 'learning_rate': '0.0002916', 'epoch': '0.01344'}
{'loss': '0.7623', 'grad_norm': '0.4082', 'learning_rate': '0.0002913', 'epoch': '0.01392'}
{'loss': '0.762', 'grad_norm': '0.2373', 'learning_rate': '0.000291', 'epoch': '0.0144'}
{'loss': '0.7615', 'grad_norm': '0.1494', 'learning_rate': '0.0002907', 'epoch': '0.01488'}
{'loss': '0.7609', 'grad_norm': '0.3711', 'learning_rate': '0.0002904', 'epoch': '0.01536'}
{'loss': '0.7618', 'grad_norm': '0.3691', 'learning_rate': '0.0002901', 'epoch': '0.01584'}
{'loss': '0.7602', 'grad_norm': '0.2178', 'learning_rate': '0.0002898', 'epoch': '0.01632'}
{'loss': '0.7601', 'grad_norm': '0.1562', 'learning_rate': '0.0002895', 'epoch': '0.0168'}
{'loss': '0.7657', 'grad_norm': '0.3516', 'learning_rate': '0.0002892', 'epoch': '0.01728'}
{'loss': '0.759', 'grad_norm': '0.2412', 'learning_rate': '0.0002889', 'epoch': '0.01776'}
{'loss': '0.7597', 'grad_norm': '0.3164', 'learning_rate': '0.0002886', 'epoch': '0.01824'}
{'loss': '0.7592', 'grad_norm': '0.2002', 'learning_rate': '0.0002883', 'epoch': '0.01872'}
{'loss': '0.759', 'grad_norm': '0.3027', 'learning_rate': '0.000288', 'epoch': '0.0192'}
{'loss': '0.7607', 'grad_norm': '0.291', 'learning_rate': '0.0002877', 'epoch': '0.01968'}
{'loss': '0.7589', 'grad_norm': '0.1914', 'learning_rate': '0.0002874', 'epoch': '0.02016'}
{'loss': '0.7578', 'grad_norm': '0.4863', 'learning_rate': '0.0002871', 'epoch': '0.02064'}
{'loss': '0.7581', 'grad_norm': '0.3672', 'learning_rate': '0.0002868', 'epoch': '0.02112'}
{'loss': '0.7585', 'grad_norm': '0.1885', 'learning_rate': '0.0002865', 'epoch': '0.0216'}
{'loss': '0.7578', 'grad_norm': '0.2197', 'learning_rate': '0.0002862', 'epoch': '0.02208'}
{'loss': '0.7572', 'grad_norm': '0.2402', 'learning_rate': '0.0002859', 'epoch': '0.02256'}
{'loss': '0.7572', 'grad_norm': '0.4062', 'learning_rate': '0.0002856', 'epoch': '0.02304'}
{'loss': '0.7571', 'grad_norm': '0.1523', 'learning_rate': '0.0002853', 'epoch': '0.02352'}
{'loss': '0.7569', 'grad_norm': '0.1152', 'learning_rate': '0.000285', 'epoch': '0.024'}
{'loss': '0.7571', 'grad_norm': '0.1982', 'learning_rate': '0.0002847', 'epoch': '0.02448'}
{'loss': '0.7565', 'grad_norm': '0.2793', 'learning_rate': '0.0002844', 'epoch': '0.02496'}
{'loss': '0.7562', 'grad_norm': '0.1895', 'learning_rate': '0.0002841', 'epoch': '0.02544'}
{'loss': '0.7557', 'grad_norm': '0.2432', 'learning_rate': '0.0002838', 'epoch': '0.02592'}
{'loss': '0.7557', 'grad_norm': '0.1816', 'learning_rate': '0.0002835', 'epoch': '0.0264'}
{'loss': '0.7556', 'grad_norm': '0.1436', 'learning_rate': '0.0002832', 'epoch': '0.02688'}
{'loss': '0.7563', 'grad_norm': '0.3652', 'learning_rate': '0.0002829', 'epoch': '0.02736'}
{'loss': '0.7555', 'grad_norm': '0.07324', 'learning_rate': '0.0002826', 'epoch': '0.02784'}
{'loss': '0.7552', 'grad_norm': '0.2598', 'learning_rate': '0.0002823', 'epoch': '0.02832'}
{'loss': '0.755', 'grad_norm': '0.2832', 'learning_rate': '0.000282', 'epoch': '0.0288'}
{'loss': '0.7555', 'grad_norm': '15.69', 'learning_rate': '0.0002817', 'epoch': '0.02928'}
{'loss': '0.7547', 'grad_norm': '0.2197', 'learning_rate': '0.0002814', 'epoch': '0.02976'}
{'loss': '0.7546', 'grad_norm': '0.0918', 'learning_rate': '0.0002811', 'epoch': '0.03024'}
{'loss': '0.7542', 'grad_norm': '0.4434', 'learning_rate': '0.0002808', 'epoch': '0.03072'}
{'loss': '0.7579', 'grad_norm': '0.1787', 'learning_rate': '0.0002805', 'epoch': '0.0312'}
{'loss': '0.7538', 'grad_norm': '0.2451', 'learning_rate': '0.0002802', 'epoch': '0.03168'}
{'loss': '0.7537', 'grad_norm': '0.1855', 'learning_rate': '0.0002799', 'epoch': '0.03216'}
{'loss': '0.7541', 'grad_norm': '0.1689', 'learning_rate': '0.0002796', 'epoch': '0.03264'}
{'loss': '0.7535', 'grad_norm': '0.2217', 'learning_rate': '0.0002793', 'epoch': '0.03312'}
{'loss': '0.754', 'grad_norm': '0.1699', 'learning_rate': '0.000279', 'epoch': '0.0336'}
{'loss': '0.7533', 'grad_norm': '0.4062', 'learning_rate': '0.0002787', 'epoch': '0.03408'}
{'loss': '0.7531', 'grad_norm': '0.08984', 'learning_rate': '0.0002784', 'epoch': '0.03456'}
{'loss': '0.7528', 'grad_norm': '0.1211', 'learning_rate': '0.0002781', 'epoch': '0.03504'}
{'loss': '0.7529', 'grad_norm': '0.3027', 'learning_rate': '0.0002778', 'epoch': '0.03552'}
{'loss': '0.7525', 'grad_norm': '0.1934', 'learning_rate': '0.0002775', 'epoch': '0.036'}
{'loss': '0.7523', 'grad_norm': '0.209', 'learning_rate': '0.0002772', 'epoch': '0.03648'}
{'loss': '0.7521', 'grad_norm': '0.1855', 'learning_rate': '0.0002769', 'epoch': '0.03696'}
{'loss': '0.7523', 'grad_norm': '0.4062', 'learning_rate': '0.0002766', 'epoch': '0.03744'}
{'loss': '0.7518', 'grad_norm': '0.332', 'learning_rate': '0.0002763', 'epoch': '0.03792'}
{'loss': '0.7517', 'grad_norm': '0.2051', 'learning_rate': '0.000276', 'epoch': '0.0384'}
{'loss': '0.7516', 'grad_norm': '0.418', 'learning_rate': '0.0002757', 'epoch': '0.03888'}
{'loss': '0.7529', 'grad_norm': '0.1963', 'learning_rate': '0.0002754', 'epoch': '0.03936'}
{'loss': '0.7508', 'grad_norm': '0.1338', 'learning_rate': '0.0002751', 'epoch': '0.03984'}
{'loss': '0.751', 'grad_norm': '0.08691', 'learning_rate': '0.0002748', 'epoch': '0.04032'}
{'loss': '0.7511', 'grad_norm': '0.168', 'learning_rate': '0.0002745', 'epoch': '0.0408'}
{'loss': '0.7504', 'grad_norm': '0.373', 'learning_rate': '0.0002742', 'epoch': '0.04128'}
{'loss': '0.7508', 'grad_norm': '0.1689', 'learning_rate': '0.0002739', 'epoch': '0.04176'}
{'loss': '0.7505', 'grad_norm': '0.1367', 'learning_rate': '0.0002736', 'epoch': '0.04224'}
{'loss': '0.7505', 'grad_norm': '0.2041', 'learning_rate': '0.0002733', 'epoch': '0.04272'}
{'loss': '0.7545', 'grad_norm': '0.249', 'learning_rate': '0.000273', 'epoch': '0.0432'}
{'loss': '0.7501', 'grad_norm': '0.209', 'learning_rate': '0.0002727', 'epoch': '0.04368'}
{'loss': '0.7498', 'grad_norm': '0.1133', 'learning_rate': '0.0002724', 'epoch': '0.04416'}
{'loss': '0.7499', 'grad_norm': '0.2695', 'learning_rate': '0.0002721', 'epoch': '0.04464'}
{'loss': '0.7496', 'grad_norm': '0.1426', 'learning_rate': '0.0002718', 'epoch': '0.04512'}
{'loss': '0.7493', 'grad_norm': '0.1641', 'learning_rate': '0.0002715', 'epoch': '0.0456'}
{'loss': '0.7489', 'grad_norm': '0.1099', 'learning_rate': '0.0002712', 'epoch': '0.04608'}
{'loss': '0.7495', 'grad_norm': '0.1289', 'learning_rate': '0.0002709', 'epoch': '0.04656'}
{'loss': '0.7496', 'grad_norm': '0.1299', 'learning_rate': '0.0002706', 'epoch': '0.04704'}
{'loss': '0.7508', 'grad_norm': '0.4336', 'learning_rate': '0.0002703', 'epoch': '0.04752'}
{'loss': '0.7486', 'grad_norm': '0.1982', 'learning_rate': '0.00027', 'epoch': '0.048'}
{'loss': '0.7484', 'grad_norm': '0.1348', 'learning_rate': '0.0002697', 'epoch': '0.04848'}
{'loss': '0.7487', 'grad_norm': '0.1611', 'learning_rate': '0.0002694', 'epoch': '0.04896'}
{'loss': '0.7489', 'grad_norm': '0.1094', 'learning_rate': '0.0002691', 'epoch': '0.04944'}
{'loss': '0.7485', 'grad_norm': '0.3828', 'learning_rate': '0.0002688', 'epoch': '0.04992'}
{'loss': '0.7487', 'grad_norm': '0.1826', 'learning_rate': '0.0002685', 'epoch': '0.0504'}
{'loss': '0.7492', 'grad_norm': '0.2617', 'learning_rate': '0.0002682', 'epoch': '0.05088'}
{'loss': '0.7481', 'grad_norm': '0.1079', 'learning_rate': '0.0002679', 'epoch': '0.05136'}
{'loss': '0.7481', 'grad_norm': '0.1318', 'learning_rate': '0.0002676', 'epoch': '0.05184'}
{'loss': '0.7481', 'grad_norm': '0.2168', 'learning_rate': '0.0002673', 'epoch': '0.05232'}
{'loss': '0.748', 'grad_norm': '0.2324', 'learning_rate': '0.000267', 'epoch': '0.0528'}
{'loss': '0.7481', 'grad_norm': '0.2363', 'learning_rate': '0.0002667', 'epoch': '0.05328'}
{'loss': '0.7479', 'grad_norm': '0.2021', 'learning_rate': '0.0002664', 'epoch': '0.05376'}
{'loss': '0.748', 'grad_norm': '0.3613', 'learning_rate': '0.0002661', 'epoch': '0.05424'}
{'loss': '0.7478', 'grad_norm': '0.3281', 'learning_rate': '0.0002658', 'epoch': '0.05472'}
{'loss': '0.7477', 'grad_norm': '0.1543', 'learning_rate': '0.0002655', 'epoch': '0.0552'}
{'loss': '0.7475', 'grad_norm': '0.1025', 'learning_rate': '0.0002652', 'epoch': '0.05568'}
{'loss': '0.747', 'grad_norm': '0.09668', 'learning_rate': '0.0002649', 'epoch': '0.05616'}
{'loss': '0.7482', 'grad_norm': '0.2354', 'learning_rate': '0.0002646', 'epoch': '0.05664'}
{'loss': '0.7472', 'grad_norm': '0.2314', 'learning_rate': '0.0002643', 'epoch': '0.05712'}
{'loss': '0.7474', 'grad_norm': '0.1035', 'learning_rate': '0.000264', 'epoch': '0.0576'}
{'loss': '0.747', 'grad_norm': '0.3223', 'learning_rate': '0.0002637', 'epoch': '0.05808'}
{'loss': '0.7472', 'grad_norm': '0.1094', 'learning_rate': '0.0002634', 'epoch': '0.05856'}
{'loss': '0.7468', 'grad_norm': '0.1001', 'learning_rate': '0.0002631', 'epoch': '0.05904'}
{'loss': '0.7468', 'grad_norm': '0.1865', 'learning_rate': '0.0002628', 'epoch': '0.05952'}
{'loss': '0.7467', 'grad_norm': '0.08984', 'learning_rate': '0.0002625', 'epoch': '0.06'}
{'loss': '0.7469', 'grad_norm': '0.2617', 'learning_rate': '0.0002622', 'epoch': '0.06048'}
{'loss': '0.7466', 'grad_norm': '0.1963', 'learning_rate': '0.0002619', 'epoch': '0.06096'}
{'loss': '0.7464', 'grad_norm': '0.3066', 'learning_rate': '0.0002616', 'epoch': '0.06144'}
{'loss': '0.7464', 'grad_norm': '0.334', 'learning_rate': '0.0002613', 'epoch': '0.06192'}
{'loss': '0.7464', 'grad_norm': '0.2305', 'learning_rate': '0.000261', 'epoch': '0.0624'}
{'loss': '0.7462', 'grad_norm': '0.3555', 'learning_rate': '0.0002607', 'epoch': '0.06288'}
{'loss': '0.7467', 'grad_norm': '0.377', 'learning_rate': '0.0002604', 'epoch': '0.06336'}
{'loss': '0.7466', 'grad_norm': '0.1416', 'learning_rate': '0.0002601', 'epoch': '0.06384'}
{'loss': '0.746', 'grad_norm': '0.123', 'learning_rate': '0.0002598', 'epoch': '0.06432'}
{'loss': '0.7462', 'grad_norm': '0.2031', 'learning_rate': '0.0002595', 'epoch': '0.0648'}
{'loss': '0.7459', 'grad_norm': '0.2676', 'learning_rate': '0.0002592', 'epoch': '0.06528'}
{'loss': '0.7458', 'grad_norm': '0.166', 'learning_rate': '0.0002589', 'epoch': '0.06576'}
{'loss': '0.7459', 'grad_norm': '0.1357', 'learning_rate': '0.0002586', 'epoch': '0.06624'}
{'loss': '0.7461', 'grad_norm': '0.07129', 'learning_rate': '0.0002583', 'epoch': '0.06672'}
{'loss': '0.7457', 'grad_norm': '0.103', 'learning_rate': '0.000258', 'epoch': '0.0672'}
{'loss': '0.7453', 'grad_norm': '0.3691', 'learning_rate': '0.0002577', 'epoch': '0.06768'}
{'loss': '0.7459', 'grad_norm': '0.2031', 'learning_rate': '0.0002574', 'epoch': '0.06816'}
{'loss': '0.7458', 'grad_norm': '0.249', 'learning_rate': '0.0002571', 'epoch': '0.06864'}
{'loss': '0.7458', 'grad_norm': '0.103', 'learning_rate': '0.0002568', 'epoch': '0.06912'}
{'loss': '0.7459', 'grad_norm': '0.2715', 'learning_rate': '0.0002565', 'epoch': '0.0696'}
{'loss': '0.7453', 'grad_norm': '0.1885', 'learning_rate': '0.0002562', 'epoch': '0.07008'}
{'loss': '0.7454', 'grad_norm': '0.249', 'learning_rate': '0.0002559', 'epoch': '0.07056'}
{'loss': '0.7457', 'grad_norm': '0.2656', 'learning_rate': '0.0002556', 'epoch': '0.07104'}
{'loss': '0.7455', 'grad_norm': '0.2012', 'learning_rate': '0.0002553', 'epoch': '0.07152'}
{'loss': '0.7456', 'grad_norm': '0.1904', 'learning_rate': '0.000255', 'epoch': '0.072'}
{'loss': '0.7454', 'grad_norm': '0.3301', 'learning_rate': '0.0002547', 'epoch': '0.07248'}
{'loss': '0.7453', 'grad_norm': '0.2266', 'learning_rate': '0.0002544', 'epoch': '0.07296'}
{'loss': '0.7452', 'grad_norm': '0.4004', 'learning_rate': '0.0002541', 'epoch': '0.07344'}
{'loss': '0.7453', 'grad_norm': '0.1245', 'learning_rate': '0.0002538', 'epoch': '0.07392'}
{'loss': '0.745', 'grad_norm': '0.2129', 'learning_rate': '0.0002535', 'epoch': '0.0744'}
{'loss': '0.7452', 'grad_norm': '0.1689', 'learning_rate': '0.0002532', 'epoch': '0.07488'}
{'loss': '0.7447', 'grad_norm': '0.06982', 'learning_rate': '0.0002529', 'epoch': '0.07536'}
{'loss': '0.7493', 'grad_norm': '0.0752', 'learning_rate': '0.0002526', 'epoch': '0.07584'}
{'loss': '0.745', 'grad_norm': '0.2188', 'learning_rate': '0.0002523', 'epoch': '0.07632'}
{'loss': '0.7449', 'grad_norm': '0.2471', 'learning_rate': '0.000252', 'epoch': '0.0768'}
{'loss': '0.7447', 'grad_norm': '0.1147', 'learning_rate': '0.0002517', 'epoch': '0.07728'}
{'loss': '0.7447', 'grad_norm': '0.1426', 'learning_rate': '0.0002514', 'epoch': '0.07776'}
{'loss': '0.7448', 'grad_norm': '0.09131', 'learning_rate': '0.0002511', 'epoch': '0.07824'}
{'loss': '0.7446', 'grad_norm': '0.1719', 'learning_rate': '0.0002508', 'epoch': '0.07872'}
{'loss': '0.7447', 'grad_norm': '0.09863', 'learning_rate': '0.0002505', 'epoch': '0.0792'}
{'loss': '0.745', 'grad_norm': '0.3301', 'learning_rate': '0.0002502', 'epoch': '0.07968'}
{'loss': '0.7446', 'grad_norm': '0.2383', 'learning_rate': '0.0002499', 'epoch': '0.08016'}
{'loss': '0.7446', 'grad_norm': '0.1309', 'learning_rate': '0.0002496', 'epoch': '0.08064'}
{'loss': '0.7447', 'grad_norm': '0.1157', 'learning_rate': '0.0002493', 'epoch': '0.08112'}
{'loss': '0.7442', 'grad_norm': '0.0835', 'learning_rate': '0.000249', 'epoch': '0.0816'}
{'loss': '0.7445', 'grad_norm': '0.08252', 'learning_rate': '0.0002487', 'epoch': '0.08208'}
{'loss': '0.7446', 'grad_norm': '0.252', 'learning_rate': '0.0002484', 'epoch': '0.08256'}
{'loss': '0.7444', 'grad_norm': '0.2617', 'learning_rate': '0.0002481', 'epoch': '0.08304'}
{'loss': '0.7445', 'grad_norm': '0.2432', 'learning_rate': '0.0002478', 'epoch': '0.08352'}
{'loss': '0.7445', 'grad_norm': '0.2578', 'learning_rate': '0.0002475', 'epoch': '0.084'}
{'loss': '0.7446', 'grad_norm': '0.165', 'learning_rate': '0.0002472', 'epoch': '0.08448'}
{'loss': '0.7443', 'grad_norm': '0.2109', 'learning_rate': '0.0002469', 'epoch': '0.08496'}
{'loss': '0.7442', 'grad_norm': '0.3301', 'learning_rate': '0.0002466', 'epoch': '0.08544'}
{'loss': '0.7465', 'grad_norm': '0.0625', 'learning_rate': '0.0002463', 'epoch': '0.08592'}
{'loss': '0.7439', 'grad_norm': '0.08984', 'learning_rate': '0.000246', 'epoch': '0.0864'}
{'loss': '0.7439', 'grad_norm': '0.1182', 'learning_rate': '0.0002457', 'epoch': '0.08688'}
{'loss': '0.7443', 'grad_norm': '0.3105', 'learning_rate': '0.0002454', 'epoch': '0.08736'}
{'loss': '0.744', 'grad_norm': '0.2617', 'learning_rate': '0.0002451', 'epoch': '0.08784'}
{'loss': '0.7438', 'grad_norm': '0.3691', 'learning_rate': '0.0002448', 'epoch': '0.08832'}
{'loss': '0.7436', 'grad_norm': '0.07178', 'learning_rate': '0.0002445', 'epoch': '0.0888'}
{'loss': '0.7442', 'grad_norm': '0.1104', 'learning_rate': '0.0002442', 'epoch': '0.08928'}
{'loss': '0.7441', 'grad_norm': '0.1885', 'learning_rate': '0.0002439', 'epoch': '0.08976'}
{'loss': '0.7438', 'grad_norm': '0.2598', 'learning_rate': '0.0002436', 'epoch': '0.09024'}
{'loss': '0.7436', 'grad_norm': '0.1592', 'learning_rate': '0.0002433', 'epoch': '0.09072'}
{'loss': '0.7437', 'grad_norm': '0.334', 'learning_rate': '0.000243', 'epoch': '0.0912'}
{'loss': '0.7454', 'grad_norm': '0.2598', 'learning_rate': '0.0002427', 'epoch': '0.09168'}
{'loss': '0.7434', 'grad_norm': '0.2168', 'learning_rate': '0.0002424', 'epoch': '0.09216'}
{'loss': '0.7441', 'grad_norm': '0.4355', 'learning_rate': '0.0002421', 'epoch': '0.09264'}
{'loss': '0.7437', 'grad_norm': '0.1279', 'learning_rate': '0.0002418', 'epoch': '0.09312'}
{'loss': '0.744', 'grad_norm': '0.1836', 'learning_rate': '0.0002415', 'epoch': '0.0936'}
{'loss': '0.7436', 'grad_norm': '0.334', 'learning_rate': '0.0002412', 'epoch': '0.09408'}
{'loss': '0.7437', 'grad_norm': '0.1328', 'learning_rate': '0.0002409', 'epoch': '0.09456'}
{'loss': '0.7439', 'grad_norm': '0.09229', 'learning_rate': '0.0002406', 'epoch': '0.09504'}
{'loss': '0.7437', 'grad_norm': '0.1289', 'learning_rate': '0.0002403', 'epoch': '0.09552'}
{'loss': '0.7435', 'grad_norm': '0.1416', 'learning_rate': '0.00024', 'epoch': '0.096'}
{'loss': '0.7433', 'grad_norm': '0.1787', 'learning_rate': '0.0002397', 'epoch': '0.09648'}
{'loss': '0.7434', 'grad_norm': '0.1582', 'learning_rate': '0.0002394', 'epoch': '0.09696'}
{'loss': '0.7436', 'grad_norm': '0.2969', 'learning_rate': '0.0002391', 'epoch': '0.09744'}
{'loss': '0.7439', 'grad_norm': '0.332', 'learning_rate': '0.0002388', 'epoch': '0.09792'}
{'loss': '0.7438', 'grad_norm': '0.2578', 'learning_rate': '0.0002385', 'epoch': '0.0984'}
{'loss': '0.7435', 'grad_norm': '0.2256', 'learning_rate': '0.0002382', 'epoch': '0.09888'}
{'loss': '0.7435', 'grad_norm': '0.1934', 'learning_rate': '0.0002379', 'epoch': '0.09936'}
{'loss': '0.7436', 'grad_norm': '0.09033', 'learning_rate': '0.0002376', 'epoch': '0.09984'}
{'loss': '0.7433', 'grad_norm': '0.2139', 'learning_rate': '0.0002373', 'epoch': '0.1003'}
{'loss': '0.7431', 'grad_norm': '0.209', 'learning_rate': '0.000237', 'epoch': '0.1008'}
{'loss': '0.7433', 'grad_norm': '0.2021', 'learning_rate': '0.0002367', 'epoch': '0.1013'}
{'loss': '0.7439', 'grad_norm': '0.2314', 'learning_rate': '0.0002364', 'epoch': '0.1018'}
{'loss': '0.7433', 'grad_norm': '0.1367', 'learning_rate': '0.0002361', 'epoch': '0.1022'}
{'loss': '0.7434', 'grad_norm': '0.2432', 'learning_rate': '0.0002358', 'epoch': '0.1027'}
{'loss': '0.7436', 'grad_norm': '0.2441', 'learning_rate': '0.0002355', 'epoch': '0.1032'}
{'loss': '0.7432', 'grad_norm': '0.1348', 'learning_rate': '0.0002352', 'epoch': '0.1037'}
{'loss': '0.743', 'grad_norm': '0.1943', 'learning_rate': '0.0002349', 'epoch': '0.1042'}
{'loss': '0.743', 'grad_norm': '0.1992', 'learning_rate': '0.0002346', 'epoch': '0.1046'}
{'loss': '0.743', 'grad_norm': '0.2617', 'learning_rate': '0.0002343', 'epoch': '0.1051'}
{'loss': '0.7436', 'grad_norm': '0.2061', 'learning_rate': '0.000234', 'epoch': '0.1056'}
{'loss': '0.7459', 'grad_norm': '0.07422', 'learning_rate': '0.0002337', 'epoch': '0.1061'}
{'loss': '0.7431', 'grad_norm': '0.3535', 'learning_rate': '0.0002334', 'epoch': '0.1066'}
{'loss': '0.7431', 'grad_norm': '0.1318', 'learning_rate': '0.0002331', 'epoch': '0.107'}
{'loss': '0.7431', 'grad_norm': '0.1006', 'learning_rate': '0.0002328', 'epoch': '0.1075'}
{'loss': '0.7432', 'grad_norm': '0.249', 'learning_rate': '0.0002325', 'epoch': '0.108'}
{'loss': '0.7433', 'grad_norm': '0.1895', 'learning_rate': '0.0002322', 'epoch': '0.1085'}
{'loss': '0.743', 'grad_norm': '0.1113', 'learning_rate': '0.0002319', 'epoch': '0.109'}
{'loss': '0.7432', 'grad_norm': '0.1562', 'learning_rate': '0.0002316', 'epoch': '0.1094'}
{'loss': '0.7441', 'grad_norm': '0.06494', 'learning_rate': '0.0002313', 'epoch': '0.1099'}
{'loss': '0.743', 'grad_norm': '0.1865', 'learning_rate': '0.000231', 'epoch': '0.1104'}
{'loss': '0.7423', 'grad_norm': '0.2539', 'learning_rate': '0.0002307', 'epoch': '0.1109'}
{'loss': '0.7431', 'grad_norm': '0.1699', 'learning_rate': '0.0002304', 'epoch': '0.1114'}
{'loss': '0.743', 'grad_norm': '0.1235', 'learning_rate': '0.0002301', 'epoch': '0.1118'}
{'loss': '0.7427', 'grad_norm': '0.1475', 'learning_rate': '0.0002298', 'epoch': '0.1123'}
{'loss': '0.7429', 'grad_norm': '0.1289', 'learning_rate': '0.0002295', 'epoch': '0.1128'}
{'loss': '0.7431', 'grad_norm': '0.165', 'learning_rate': '0.0002292', 'epoch': '0.1133'}
{'loss': '0.7429', 'grad_norm': '0.3047', 'learning_rate': '0.0002289', 'epoch': '0.1138'}
{'loss': '0.743', 'grad_norm': '0.0708', 'learning_rate': '0.0002286', 'epoch': '0.1142'}
{'loss': '0.7427', 'grad_norm': '0.1133', 'learning_rate': '0.0002283', 'epoch': '0.1147'}
{'loss': '0.7427', 'grad_norm': '0.2676', 'learning_rate': '0.000228', 'epoch': '0.1152'}
{'loss': '0.7427', 'grad_norm': '0.2266', 'learning_rate': '0.0002277', 'epoch': '0.1157'}
{'loss': '0.7428', 'grad_norm': '0.1543', 'learning_rate': '0.0002274', 'epoch': '0.1162'}
{'loss': '0.7431', 'grad_norm': '0.09131', 'learning_rate': '0.0002271', 'epoch': '0.1166'}
{'loss': '0.7437', 'grad_norm': '0.3848', 'learning_rate': '0.0002268', 'epoch': '0.1171'}
{'loss': '0.7426', 'grad_norm': '0.1445', 'learning_rate': '0.0002265', 'epoch': '0.1176'}
{'loss': '0.7427', 'grad_norm': '0.06592', 'learning_rate': '0.0002262', 'epoch': '0.1181'}
{'loss': '0.7426', 'grad_norm': '0.1885', 'learning_rate': '0.0002259', 'epoch': '0.1186'}
{'loss': '0.7424', 'grad_norm': '0.2773', 'learning_rate': '0.0002256', 'epoch': '0.119'}
{'loss': '0.7423', 'grad_norm': '0.07178', 'learning_rate': '0.0002253', 'epoch': '0.1195'}
{'loss': '0.7426', 'grad_norm': '0.2393', 'learning_rate': '0.000225', 'epoch': '0.12'}
{'loss': '0.7425', 'grad_norm': '0.1309', 'learning_rate': '0.0002247', 'epoch': '0.1205'}
{'loss': '0.7425', 'grad_norm': '0.1553', 'learning_rate': '0.0002244', 'epoch': '0.121'}
{'loss': '0.7427', 'grad_norm': '0.126', 'learning_rate': '0.0002241', 'epoch': '0.1214'}
{'loss': '0.7426', 'grad_norm': '0.3027', 'learning_rate': '0.0002238', 'epoch': '0.1219'}
{'loss': '0.743', 'grad_norm': '0.1309', 'learning_rate': '0.0002235', 'epoch': '0.1224'}
{'loss': '0.7422', 'grad_norm': '0.3535', 'learning_rate': '0.0002232', 'epoch': '0.1229'}
{'loss': '0.7426', 'grad_norm': '0.1758', 'learning_rate': '0.0002229', 'epoch': '0.1234'}
{'loss': '0.7423', 'grad_norm': '0.2119', 'learning_rate': '0.0002226', 'epoch': '0.1238'}
{'loss': '0.7427', 'grad_norm': '0.3789', 'learning_rate': '0.0002223', 'epoch': '0.1243'}
{'loss': '0.7426', 'grad_norm': '0.08643', 'learning_rate': '0.000222', 'epoch': '0.1248'}
{'loss': '0.7424', 'grad_norm': '0.1357', 'learning_rate': '0.0002217', 'epoch': '0.1253'}
{'loss': '0.7423', 'grad_norm': '0.3359', 'learning_rate': '0.0002214', 'epoch': '0.1258'}
{'loss': '0.742', 'grad_norm': '0.3105', 'learning_rate': '0.0002211', 'epoch': '0.1262'}
{'loss': '0.7422', 'grad_norm': '0.1221', 'learning_rate': '0.0002208', 'epoch': '0.1267'}
{'loss': '0.7424', 'grad_norm': '0.2334', 'learning_rate': '0.0002205', 'epoch': '0.1272'}
{'loss': '0.7425', 'grad_norm': '0.167', 'learning_rate': '0.0002202', 'epoch': '0.1277'}
{'loss': '0.742', 'grad_norm': '0.1289', 'learning_rate': '0.0002199', 'epoch': '0.1282'}
{'loss': '0.7424', 'grad_norm': '0.2373', 'learning_rate': '0.0002196', 'epoch': '0.1286'}
{'loss': '0.7423', 'grad_norm': '0.0918', 'learning_rate': '0.0002193', 'epoch': '0.1291'}
{'loss': '0.7424', 'grad_norm': '0.1914', 'learning_rate': '0.000219', 'epoch': '0.1296'}
{'loss': '0.7423', 'grad_norm': '0.2148', 'learning_rate': '0.0002187', 'epoch': '0.1301'}
{'loss': '0.7421', 'grad_norm': '0.209', 'learning_rate': '0.0002184', 'epoch': '0.1306'}
{'loss': '0.7424', 'grad_norm': '0.123', 'learning_rate': '0.0002181', 'epoch': '0.131'}
{'loss': '0.7433', 'grad_norm': '0.125', 'learning_rate': '0.0002178', 'epoch': '0.1315'}
{'loss': '0.742', 'grad_norm': '0.2363', 'learning_rate': '0.0002175', 'epoch': '0.132'}
{'loss': '0.742', 'grad_norm': '0.1108', 'learning_rate': '0.0002172', 'epoch': '0.1325'}
{'loss': '0.7421', 'grad_norm': '0.1465', 'learning_rate': '0.0002169', 'epoch': '0.133'}
{'loss': '0.7428', 'grad_norm': '0.1553', 'learning_rate': '0.0002166', 'epoch': '0.1334'}
{'loss': '0.7423', 'grad_norm': '0.1602', 'learning_rate': '0.0002163', 'epoch': '0.1339'}
{'loss': '0.7419', 'grad_norm': '0.2051', 'learning_rate': '0.000216', 'epoch': '0.1344'}
{'loss': '0.7423', 'grad_norm': '0.2051', 'learning_rate': '0.0002157', 'epoch': '0.1349'}
{'loss': '0.7423', 'grad_norm': '0.1484', 'learning_rate': '0.0002154', 'epoch': '0.1354'}
{'loss': '0.7421', 'grad_norm': '0.1445', 'learning_rate': '0.0002151', 'epoch': '0.1358'}
{'loss': '0.7421', 'grad_norm': '0.1953', 'learning_rate': '0.0002148', 'epoch': '0.1363'}
{'loss': '0.7421', 'grad_norm': '0.1226', 'learning_rate': '0.0002145', 'epoch': '0.1368'}
{'loss': '0.7419', 'grad_norm': '0.2656', 'learning_rate': '0.0002142', 'epoch': '0.1373'}
{'loss': '0.7422', 'grad_norm': '0.334', 'learning_rate': '0.0002139', 'epoch': '0.1378'}
{'loss': '0.7418', 'grad_norm': '0.1475', 'learning_rate': '0.0002136', 'epoch': '0.1382'}
{'loss': '0.7423', 'grad_norm': '0.3262', 'learning_rate': '0.0002133', 'epoch': '0.1387'}
{'loss': '0.7423', 'grad_norm': '0.1147', 'learning_rate': '0.000213', 'epoch': '0.1392'}
{'loss': '0.7416', 'grad_norm': '0.1631', 'learning_rate': '0.0002127', 'epoch': '0.1397'}
{'loss': '0.7421', 'grad_norm': '0.1318', 'learning_rate': '0.0002124', 'epoch': '0.1402'}
{'loss': '0.7422', 'grad_norm': '0.2422', 'learning_rate': '0.0002121', 'epoch': '0.1406'}
{'loss': '0.742', 'grad_norm': '0.2305', 'learning_rate': '0.0002118', 'epoch': '0.1411'}
{'loss': '0.742', 'grad_norm': '0.1992', 'learning_rate': '0.0002115', 'epoch': '0.1416'}
{'loss': '0.7414', 'grad_norm': '0.09131', 'learning_rate': '0.0002112', 'epoch': '0.1421'}
{'loss': '0.742', 'grad_norm': '0.1797', 'learning_rate': '0.0002109', 'epoch': '0.1426'}
{'loss': '0.7418', 'grad_norm': '0.1973', 'learning_rate': '0.0002106', 'epoch': '0.143'}
{'loss': '0.7415', 'grad_norm': '0.1367', 'learning_rate': '0.0002103', 'epoch': '0.1435'}
{'loss': '0.7416', 'grad_norm': '0.2236', 'learning_rate': '0.00021', 'epoch': '0.144'}
{'loss': '0.7415', 'grad_norm': '0.06738', 'learning_rate': '0.0002097', 'epoch': '0.1445'}
{'loss': '0.7414', 'grad_norm': '0.2715', 'learning_rate': '0.0002094', 'epoch': '0.145'}
{'loss': '0.7419', 'grad_norm': '0.2314', 'learning_rate': '0.0002091', 'epoch': '0.1454'}
{'loss': '0.7419', 'grad_norm': '0.1816', 'learning_rate': '0.0002088', 'epoch': '0.1459'}
{'loss': '0.7417', 'grad_norm': '0.1895', 'learning_rate': '0.0002085', 'epoch': '0.1464'}
{'loss': '0.7416', 'grad_norm': '0.2969', 'learning_rate': '0.0002082', 'epoch': '0.1469'}
{'loss': '0.742', 'grad_norm': '0.104', 'learning_rate': '0.0002079', 'epoch': '0.1474'}
{'loss': '0.7418', 'grad_norm': '0.1416', 'learning_rate': '0.0002076', 'epoch': '0.1478'}
{'loss': '0.7416', 'grad_norm': '0.105', 'learning_rate': '0.0002073', 'epoch': '0.1483'}
{'loss': '0.7413', 'grad_norm': '0.3027', 'learning_rate': '0.000207', 'epoch': '0.1488'}
{'loss': '0.7418', 'grad_norm': '0.06787', 'learning_rate': '0.0002067', 'epoch': '0.1493'}
{'loss': '0.7414', 'grad_norm': '0.3066', 'learning_rate': '0.0002064', 'epoch': '0.1498'}
{'loss': '0.7415', 'grad_norm': '0.1582', 'learning_rate': '0.0002061', 'epoch': '0.1502'}
{'loss': '0.7416', 'grad_norm': '0.1001', 'learning_rate': '0.0002058', 'epoch': '0.1507'}
{'loss': '0.7418', 'grad_norm': '0.1328', 'learning_rate': '0.0002055', 'epoch': '0.1512'}
{'loss': '0.7418', 'grad_norm': '0.2197', 'learning_rate': '0.0002052', 'epoch': '0.1517'}
{'loss': '0.7416', 'grad_norm': '0.2197', 'learning_rate': '0.0002049', 'epoch': '0.1522'}
{'loss': '0.7413', 'grad_norm': '0.2344', 'learning_rate': '0.0002046', 'epoch': '0.1526'}
{'loss': '0.7417', 'grad_norm': '0.2178', 'learning_rate': '0.0002043', 'epoch': '0.1531'}
{'loss': '0.7418', 'grad_norm': '0.1152', 'learning_rate': '0.000204', 'epoch': '0.1536'}
{'loss': '0.7416', 'grad_norm': '0.1768', 'learning_rate': '0.0002037', 'epoch': '0.1541'}
{'loss': '0.7417', 'grad_norm': '0.2773', 'learning_rate': '0.0002034', 'epoch': '0.1546'}
{'loss': '0.7414', 'grad_norm': '0.2168', 'learning_rate': '0.0002031', 'epoch': '0.155'}
{'loss': '0.7416', 'grad_norm': '0.3301', 'learning_rate': '0.0002028', 'epoch': '0.1555'}
{'loss': '0.7417', 'grad_norm': '0.04395', 'learning_rate': '0.0002025', 'epoch': '0.156'}
{'loss': '0.7417', 'grad_norm': '0.1924', 'learning_rate': '0.0002022', 'epoch': '0.1565'}
{'loss': '0.7416', 'grad_norm': '0.2285', 'learning_rate': '0.0002019', 'epoch': '0.157'}
{'loss': '0.7415', 'grad_norm': '0.2812', 'learning_rate': '0.0002016', 'epoch': '0.1574'}
{'loss': '0.7416', 'grad_norm': '0.165', 'learning_rate': '0.0002013', 'epoch': '0.1579'}
{'loss': '0.7414', 'grad_norm': '0.126', 'learning_rate': '0.000201', 'epoch': '0.1584'}
{'loss': '0.7413', 'grad_norm': '0.1279', 'learning_rate': '0.0002007', 'epoch': '0.1589'}
{'loss': '0.7415', 'grad_norm': '0.3379', 'learning_rate': '0.0002004', 'epoch': '0.1594'}
{'loss': '0.7413', 'grad_norm': '0.1279', 'learning_rate': '0.0002001', 'epoch': '0.1598'}
{'loss': '0.7416', 'grad_norm': '0.06836', 'learning_rate': '0.0001998', 'epoch': '0.1603'}
{'loss': '0.7413', 'grad_norm': '0.2598', 'learning_rate': '0.0001995', 'epoch': '0.1608'}
{'loss': '0.7411', 'grad_norm': '0.08936', 'learning_rate': '0.0001992', 'epoch': '0.1613'}
{'loss': '0.7413', 'grad_norm': '0.2275', 'learning_rate': '0.0001989', 'epoch': '0.1618'}
{'loss': '0.7415', 'grad_norm': '0.09033', 'learning_rate': '0.0001986', 'epoch': '0.1622'}
{'loss': '0.7412', 'grad_norm': '0.3047', 'learning_rate': '0.0001983', 'epoch': '0.1627'}
{'loss': '0.7416', 'grad_norm': '0.106', 'learning_rate': '0.000198', 'epoch': '0.1632'}
{'loss': '0.7413', 'grad_norm': '0.1348', 'learning_rate': '0.0001977', 'epoch': '0.1637'}
{'loss': '0.7416', 'grad_norm': '0.2812', 'learning_rate': '0.0001974', 'epoch': '0.1642'}
{'loss': '0.7409', 'grad_norm': '0.1318', 'learning_rate': '0.0001971', 'epoch': '0.1646'}
{'loss': '0.7414', 'grad_norm': '0.1318', 'learning_rate': '0.0001968', 'epoch': '0.1651'}
{'loss': '0.7409', 'grad_norm': '0.07715', 'learning_rate': '0.0001965', 'epoch': '0.1656'}
{'loss': '0.7412', 'grad_norm': '0.0918', 'learning_rate': '0.0001962', 'epoch': '0.1661'}
{'loss': '0.741', 'grad_norm': '0.1904', 'learning_rate': '0.0001959', 'epoch': '0.1666'}
{'loss': '0.741', 'grad_norm': '0.2256', 'learning_rate': '0.0001956', 'epoch': '0.167'}
{'loss': '0.741', 'grad_norm': '0.06396', 'learning_rate': '0.0001953', 'epoch': '0.1675'}
{'loss': '0.741', 'grad_norm': '0.07422', 'learning_rate': '0.000195', 'epoch': '0.168'}
{'loss': '0.7411', 'grad_norm': '0.08691', 'learning_rate': '0.0001947', 'epoch': '0.1685'}
{'loss': '0.7412', 'grad_norm': '0.1514', 'learning_rate': '0.0001944', 'epoch': '0.169'}
{'loss': '0.7413', 'grad_norm': '0.167', 'learning_rate': '0.0001941', 'epoch': '0.1694'}
{'loss': '0.741', 'grad_norm': '0.3242', 'learning_rate': '0.0001938', 'epoch': '0.1699'}
{'loss': '0.7414', 'grad_norm': '0.1787', 'learning_rate': '0.0001935', 'epoch': '0.1704'}
{'loss': '0.7414', 'grad_norm': '0.06445', 'learning_rate': '0.0001932', 'epoch': '0.1709'}
{'loss': '0.7412', 'grad_norm': '0.1147', 'learning_rate': '0.0001929', 'epoch': '0.1714'}
{'loss': '0.7413', 'grad_norm': '0.1162', 'learning_rate': '0.0001926', 'epoch': '0.1718'}
{'loss': '0.7409', 'grad_norm': '0.1553', 'learning_rate': '0.0001923', 'epoch': '0.1723'}
{'loss': '0.7411', 'grad_norm': '0.1504', 'learning_rate': '0.000192', 'epoch': '0.1728'}
{'loss': '0.741', 'grad_norm': '0.3164', 'learning_rate': '0.0001917', 'epoch': '0.1733'}
{'loss': '0.7412', 'grad_norm': '0.1719', 'learning_rate': '0.0001914', 'epoch': '0.1738'}
{'loss': '0.741', 'grad_norm': '0.06299', 'learning_rate': '0.0001911', 'epoch': '0.1742'}
{'loss': '0.7409', 'grad_norm': '0.1426', 'learning_rate': '0.0001908', 'epoch': '0.1747'}
{'loss': '0.741', 'grad_norm': '0.1113', 'learning_rate': '0.0001905', 'epoch': '0.1752'}
{'loss': '0.7412', 'grad_norm': '0.2197', 'learning_rate': '0.0001902', 'epoch': '0.1757'}
{'loss': '0.7414', 'grad_norm': '0.1484', 'learning_rate': '0.0001899', 'epoch': '0.1762'}
{'loss': '0.7412', 'grad_norm': '0.1553', 'learning_rate': '0.0001896', 'epoch': '0.1766'}
{'loss': '0.7414', 'grad_norm': '0.09814', 'learning_rate': '0.0001893', 'epoch': '0.1771'}
{'loss': '0.7411', 'grad_norm': '0.165', 'learning_rate': '0.000189', 'epoch': '0.1776'}
{'loss': '0.741', 'grad_norm': '0.1455', 'learning_rate': '0.0001887', 'epoch': '0.1781'}
{'loss': '0.7411', 'grad_norm': '0.3398', 'learning_rate': '0.0001884', 'epoch': '0.1786'}
{'loss': '0.741', 'grad_norm': '0.1475', 'learning_rate': '0.0001881', 'epoch': '0.179'}
{'loss': '0.7409', 'grad_norm': '0.2012', 'learning_rate': '0.0001878', 'epoch': '0.1795'}
{'loss': '0.741', 'grad_norm': '0.1748', 'learning_rate': '0.0001875', 'epoch': '0.18'}
{'loss': '0.7409', 'grad_norm': '0.1865', 'learning_rate': '0.0001872', 'epoch': '0.1805'}
{'loss': '0.7408', 'grad_norm': '0.2451', 'learning_rate': '0.0001869', 'epoch': '0.181'}
{'loss': '0.741', 'grad_norm': '0.1436', 'learning_rate': '0.0001866', 'epoch': '0.1814'}
{'loss': '0.741', 'grad_norm': '0.1045', 'learning_rate': '0.0001863', 'epoch': '0.1819'}
{'loss': '0.7411', 'grad_norm': '0.07324', 'learning_rate': '0.000186', 'epoch': '0.1824'}
{'loss': '0.7421', 'grad_norm': '0.1182', 'learning_rate': '0.0001857', 'epoch': '0.1829'}
{'loss': '0.7411', 'grad_norm': '0.04858', 'learning_rate': '0.0001854', 'epoch': '0.1834'}
{'loss': '0.7409', 'grad_norm': '0.2197', 'learning_rate': '0.0001851', 'epoch': '0.1838'}
{'loss': '0.7406', 'grad_norm': '0.1494', 'learning_rate': '0.0001848', 'epoch': '0.1843'}
{'loss': '0.7409', 'grad_norm': '0.0918', 'learning_rate': '0.0001845', 'epoch': '0.1848'}
{'loss': '0.741', 'grad_norm': '0.2559', 'learning_rate': '0.0001842', 'epoch': '0.1853'}
{'loss': '0.7411', 'grad_norm': '0.1777', 'learning_rate': '0.0001839', 'epoch': '0.1858'}
{'loss': '0.7409', 'grad_norm': '0.1455', 'learning_rate': '0.0001836', 'epoch': '0.1862'}
{'loss': '0.7406', 'grad_norm': '0.2754', 'learning_rate': '0.0001833', 'epoch': '0.1867'}
{'loss': '0.7408', 'grad_norm': '0.1494', 'learning_rate': '0.000183', 'epoch': '0.1872'}
{'loss': '0.741', 'grad_norm': '0.2207', 'learning_rate': '0.0001827', 'epoch': '0.1877'}
{'loss': '0.7408', 'grad_norm': '0.249', 'learning_rate': '0.0001824', 'epoch': '0.1882'}
{'loss': '0.7409', 'grad_norm': '0.1953', 'learning_rate': '0.0001821', 'epoch': '0.1886'}
{'loss': '0.741', 'grad_norm': '0.1904', 'learning_rate': '0.0001818', 'epoch': '0.1891'}
{'loss': '0.7408', 'grad_norm': '0.07959', 'learning_rate': '0.0001815', 'epoch': '0.1896'}
{'loss': '0.7406', 'grad_norm': '0.1357', 'learning_rate': '0.0001812', 'epoch': '0.1901'}
{'loss': '0.7408', 'grad_norm': '0.05444', 'learning_rate': '0.0001809', 'epoch': '0.1906'}
{'loss': '0.7408', 'grad_norm': '0.1226', 'learning_rate': '0.0001806', 'epoch': '0.191'}
{'loss': '0.741', 'grad_norm': '0.1689', 'learning_rate': '0.0001803', 'epoch': '0.1915'}
{'loss': '0.7411', 'grad_norm': '0.21', 'learning_rate': '0.00018', 'epoch': '0.192'}
{'loss': '0.7411', 'grad_norm': '0.0625', 'learning_rate': '0.0001797', 'epoch': '0.1925'}
{'loss': '0.7405', 'grad_norm': '0.09766', 'learning_rate': '0.0001794', 'epoch': '0.193'}
{'loss': '0.7407', 'grad_norm': '0.05518', 'learning_rate': '0.0001791', 'epoch': '0.1934'}
{'loss': '0.7409', 'grad_norm': '0.08008', 'learning_rate': '0.0001788', 'epoch': '0.1939'}
{'loss': '0.7408', 'grad_norm': '0.252', 'learning_rate': '0.0001785', 'epoch': '0.1944'}
{'loss': '0.7407', 'grad_norm': '0.3613', 'learning_rate': '0.0001782', 'epoch': '0.1949'}
{'loss': '0.7407', 'grad_norm': '0.2578', 'learning_rate': '0.0001779', 'epoch': '0.1954'}
{'loss': '0.7405', 'grad_norm': '0.2139', 'learning_rate': '0.0001776', 'epoch': '0.1958'}
{'loss': '0.7407', 'grad_norm': '0.1196', 'learning_rate': '0.0001773', 'epoch': '0.1963'}
{'loss': '0.7406', 'grad_norm': '0.3027', 'learning_rate': '0.000177', 'epoch': '0.1968'}
{'loss': '0.7407', 'grad_norm': '0.1787', 'learning_rate': '0.0001767', 'epoch': '0.1973'}
{'loss': '0.7407', 'grad_norm': '0.1533', 'learning_rate': '0.0001764', 'epoch': '0.1978'}
{'loss': '0.7405', 'grad_norm': '0.3184', 'learning_rate': '0.0001761', 'epoch': '0.1982'}
{'loss': '0.7409', 'grad_norm': '0.1553', 'learning_rate': '0.0001758', 'epoch': '0.1987'}
{'loss': '0.7406', 'grad_norm': '0.2344', 'learning_rate': '0.0001755', 'epoch': '0.1992'}
{'loss': '0.7405', 'grad_norm': '0.3418', 'learning_rate': '0.0001752', 'epoch': '0.1997'}
{'loss': '0.7407', 'grad_norm': '0.2305', 'learning_rate': '0.0001749', 'epoch': '0.2002'}
{'loss': '0.7404', 'grad_norm': '0.1064', 'learning_rate': '0.0001746', 'epoch': '0.2006'}
{'loss': '0.7409', 'grad_norm': '0.1084', 'learning_rate': '0.0001743', 'epoch': '0.2011'}
{'loss': '0.7407', 'grad_norm': '0.07227', 'learning_rate': '0.000174', 'epoch': '0.2016'}
{'loss': '0.7406', 'grad_norm': '0.1748', 'learning_rate': '0.0001737', 'epoch': '0.2021'}
{'loss': '0.7403', 'grad_norm': '0.1611', 'learning_rate': '0.0001734', 'epoch': '0.2026'}
{'loss': '0.7407', 'grad_norm': '0.125', 'learning_rate': '0.0001731', 'epoch': '0.203'}
{'loss': '0.7405', 'grad_norm': '0.2656', 'learning_rate': '0.0001728', 'epoch': '0.2035'}
{'loss': '0.7401', 'grad_norm': '0.1445', 'learning_rate': '0.0001725', 'epoch': '0.204'}
{'loss': '0.7407', 'grad_norm': '0.06641', 'learning_rate': '0.0001722', 'epoch': '0.2045'}
{'loss': '0.7406', 'grad_norm': '0.2773', 'learning_rate': '0.0001719', 'epoch': '0.205'}
{'loss': '0.7407', 'grad_norm': '0.209', 'learning_rate': '0.0001716', 'epoch': '0.2054'}
{'loss': '0.7405', 'grad_norm': '0.1562', 'learning_rate': '0.0001713', 'epoch': '0.2059'}
{'loss': '0.7401', 'grad_norm': '0.249', 'learning_rate': '0.000171', 'epoch': '0.2064'}
{'loss': '0.7404', 'grad_norm': '0.1099', 'learning_rate': '0.0001707', 'epoch': '0.2069'}
{'loss': '0.7409', 'grad_norm': '0.1235', 'learning_rate': '0.0001704', 'epoch': '0.2074'}
{'loss': '0.7406', 'grad_norm': '0.375', 'learning_rate': '0.0001701', 'epoch': '0.2078'}
{'loss': '0.7404', 'grad_norm': '0.1582', 'learning_rate': '0.0001698', 'epoch': '0.2083'}
{'loss': '0.7408', 'grad_norm': '0.1602', 'learning_rate': '0.0001695', 'epoch': '0.2088'}
{'loss': '0.7407', 'grad_norm': '0.2324', 'learning_rate': '0.0001692', 'epoch': '0.2093'}
{'loss': '0.7405', 'grad_norm': '0.2012', 'learning_rate': '0.0001689', 'epoch': '0.2098'}
{'loss': '0.7409', 'grad_norm': '0.1289', 'learning_rate': '0.0001686', 'epoch': '0.2102'}
{'loss': '0.7405', 'grad_norm': '0.123', 'learning_rate': '0.0001683', 'epoch': '0.2107'}
{'loss': '0.7405', 'grad_norm': '0.1982', 'learning_rate': '0.000168', 'epoch': '0.2112'}
{'loss': '0.7406', 'grad_norm': '0.09473', 'learning_rate': '0.0001677', 'epoch': '0.2117'}
{'loss': '0.7405', 'grad_norm': '0.2227', 'learning_rate': '0.0001674', 'epoch': '0.2122'}
{'loss': '0.7403', 'grad_norm': '0.09717', 'learning_rate': '0.0001671', 'epoch': '0.2126'}
{'loss': '0.7405', 'grad_norm': '0.1582', 'learning_rate': '0.0001668', 'epoch': '0.2131'}
{'loss': '0.7405', 'grad_norm': '0.1191', 'learning_rate': '0.0001665', 'epoch': '0.2136'}
{'loss': '0.7407', 'grad_norm': '0.1094', 'learning_rate': '0.0001662', 'epoch': '0.2141'}
{'loss': '0.7404', 'grad_norm': '0.1035', 'learning_rate': '0.0001659', 'epoch': '0.2146'}
{'loss': '0.7406', 'grad_norm': '0.1826', 'learning_rate': '0.0001656', 'epoch': '0.215'}
{'loss': '0.7404', 'grad_norm': '0.21', 'learning_rate': '0.0001653', 'epoch': '0.2155'}
{'loss': '0.7406', 'grad_norm': '0.1807', 'learning_rate': '0.000165', 'epoch': '0.216'}
{'loss': '0.7406', 'grad_norm': '0.1729', 'learning_rate': '0.0001647', 'epoch': '0.2165'}
{'loss': '0.7403', 'grad_norm': '0.1523', 'learning_rate': '0.0001644', 'epoch': '0.217'}
{'loss': '0.7403', 'grad_norm': '0.1963', 'learning_rate': '0.0001641', 'epoch': '0.2174'}
{'loss': '0.7403', 'grad_norm': '0.1406', 'learning_rate': '0.0001638', 'epoch': '0.2179'}
{'loss': '0.7404', 'grad_norm': '0.1836', 'learning_rate': '0.0001635', 'epoch': '0.2184'}
{'loss': '0.7405', 'grad_norm': '0.1924', 'learning_rate': '0.0001632', 'epoch': '0.2189'}
{'loss': '0.7404', 'grad_norm': '0.3223', 'learning_rate': '0.0001629', 'epoch': '0.2194'}
{'loss': '0.7403', 'grad_norm': '0.2236', 'learning_rate': '0.0001626', 'epoch': '0.2198'}
{'loss': '0.7405', 'grad_norm': '0.1299', 'learning_rate': '0.0001623', 'epoch': '0.2203'}
{'loss': '0.7405', 'grad_norm': '0.1436', 'learning_rate': '0.000162', 'epoch': '0.2208'}
{'loss': '0.7406', 'grad_norm': '0.1875', 'learning_rate': '0.0001617', 'epoch': '0.2213'}
{'loss': '0.7405', 'grad_norm': '0.2051', 'learning_rate': '0.0001614', 'epoch': '0.2218'}
{'loss': '0.7405', 'grad_norm': '0.1475', 'learning_rate': '0.0001611', 'epoch': '0.2222'}
{'loss': '0.7401', 'grad_norm': '0.08203', 'learning_rate': '0.0001608', 'epoch': '0.2227'}
{'loss': '0.7403', 'grad_norm': '0.1758', 'learning_rate': '0.0001605', 'epoch': '0.2232'}
{'loss': '0.7402', 'grad_norm': '0.1162', 'learning_rate': '0.0001602', 'epoch': '0.2237'}
{'loss': '0.7407', 'grad_norm': '0.05615', 'learning_rate': '0.0001599', 'epoch': '0.2242'}
{'loss': '0.7403', 'grad_norm': '0.3848', 'learning_rate': '0.0001596', 'epoch': '0.2246'}
{'loss': '0.7402', 'grad_norm': '0.3262', 'learning_rate': '0.0001593', 'epoch': '0.2251'}
{'loss': '0.7401', 'grad_norm': '0.2012', 'learning_rate': '0.000159', 'epoch': '0.2256'}
{'loss': '0.7402', 'grad_norm': '0.1865', 'learning_rate': '0.0001587', 'epoch': '0.2261'}
{'loss': '0.7402', 'grad_norm': '0.1992', 'learning_rate': '0.0001584', 'epoch': '0.2266'}
{'loss': '0.7405', 'grad_norm': '0.07812', 'learning_rate': '0.0001581', 'epoch': '0.227'}
{'loss': '0.7399', 'grad_norm': '0.1001', 'learning_rate': '0.0001578', 'epoch': '0.2275'}
{'loss': '0.7404', 'grad_norm': '0.1826', 'learning_rate': '0.0001575', 'epoch': '0.228'}
{'loss': '0.7405', 'grad_norm': '0.2197', 'learning_rate': '0.0001572', 'epoch': '0.2285'}
{'loss': '0.74', 'grad_norm': '0.1807', 'learning_rate': '0.0001569', 'epoch': '0.229'}
{'loss': '0.7402', 'grad_norm': '0.1035', 'learning_rate': '0.0001566', 'epoch': '0.2294'}
{'loss': '0.7406', 'grad_norm': '0.125', 'learning_rate': '0.0001563', 'epoch': '0.2299'}
{'loss': '0.7402', 'grad_norm': '0.1553', 'learning_rate': '0.000156', 'epoch': '0.2304'}
{'loss': '0.74', 'grad_norm': '0.1172', 'learning_rate': '0.0001557', 'epoch': '0.2309'}
{'loss': '0.7402', 'grad_norm': '0.3301', 'learning_rate': '0.0001554', 'epoch': '0.2314'}
{'loss': '0.7399', 'grad_norm': '0.1367', 'learning_rate': '0.0001551', 'epoch': '0.2318'}
{'loss': '0.7405', 'grad_norm': '0.0918', 'learning_rate': '0.0001548', 'epoch': '0.2323'}
{'loss': '0.7403', 'grad_norm': '0.1904', 'learning_rate': '0.0001545', 'epoch': '0.2328'}
{'loss': '0.7401', 'grad_norm': '0.07178', 'learning_rate': '0.0001542', 'epoch': '0.2333'}
{'loss': '0.7404', 'grad_norm': '0.3301', 'learning_rate': '0.0001539', 'epoch': '0.2338'}
{'loss': '0.7402', 'grad_norm': '0.2734', 'learning_rate': '0.0001536', 'epoch': '0.2342'}
{'loss': '0.74', 'grad_norm': '0.2012', 'learning_rate': '0.0001533', 'epoch': '0.2347'}
{'loss': '0.7404', 'grad_norm': '0.2451', 'learning_rate': '0.000153', 'epoch': '0.2352'}
{'loss': '0.7401', 'grad_norm': '0.2324', 'learning_rate': '0.0001527', 'epoch': '0.2357'}
{'loss': '0.7399', 'grad_norm': '0.3125', 'learning_rate': '0.0001524', 'epoch': '0.2362'}
{'loss': '0.7403', 'grad_norm': '0.1641', 'learning_rate': '0.0001521', 'epoch': '0.2366'}
{'loss': '0.7402', 'grad_norm': '0.07861', 'learning_rate': '0.0001518', 'epoch': '0.2371'}
{'loss': '0.7402', 'grad_norm': '0.0957', 'learning_rate': '0.0001515', 'epoch': '0.2376'}
{'loss': '0.74', 'grad_norm': '0.2695', 'learning_rate': '0.0001512', 'epoch': '0.2381'}
{'loss': '0.7401', 'grad_norm': '0.126', 'learning_rate': '0.0001509', 'epoch': '0.2386'}
{'loss': '0.7402', 'grad_norm': '0.2734', 'learning_rate': '0.0001506', 'epoch': '0.239'}
{'loss': '0.7399', 'grad_norm': '0.2949', 'learning_rate': '0.0001503', 'epoch': '0.2395'}
{'loss': '0.74', 'grad_norm': '0.1748', 'learning_rate': '0.00015', 'epoch': '0.24'}
{'loss': '0.74', 'grad_norm': '0.1465', 'learning_rate': '0.0001497', 'epoch': '0.2405'}
{'loss': '0.7396', 'grad_norm': '0.1279', 'learning_rate': '0.0001494', 'epoch': '0.241'}
{'loss': '0.7402', 'grad_norm': '0.3281', 'learning_rate': '0.0001491', 'epoch': '0.2414'}
{'loss': '0.7399', 'grad_norm': '0.1875', 'learning_rate': '0.0001488', 'epoch': '0.2419'}
{'loss': '0.7399', 'grad_norm': '0.1123', 'learning_rate': '0.0001485', 'epoch': '0.2424'}
{'loss': '0.7401', 'grad_norm': '0.2871', 'learning_rate': '0.0001482', 'epoch': '0.2429'}
{'loss': '0.74', 'grad_norm': '0.2109', 'learning_rate': '0.0001479', 'epoch': '0.2434'}
{'loss': '0.7401', 'grad_norm': '0.05615', 'learning_rate': '0.0001476', 'epoch': '0.2438'}
{'loss': '0.7403', 'grad_norm': '0.207', 'learning_rate': '0.0001473', 'epoch': '0.2443'}
{'loss': '0.74', 'grad_norm': '0.1187', 'learning_rate': '0.000147', 'epoch': '0.2448'}
{'loss': '0.741', 'grad_norm': '0.165', 'learning_rate': '0.0001467', 'epoch': '0.2453'}
{'loss': '0.74', 'grad_norm': '0.07666', 'learning_rate': '0.0001464', 'epoch': '0.2458'}
{'loss': '0.74', 'grad_norm': '0.0957', 'learning_rate': '0.0001461', 'epoch': '0.2462'}
{'loss': '0.7401', 'grad_norm': '0.09619', 'learning_rate': '0.0001458', 'epoch': '0.2467'}
{'loss': '0.7402', 'grad_norm': '0.07373', 'learning_rate': '0.0001455', 'epoch': '0.2472'}
{'loss': '0.7402', 'grad_norm': '0.2422', 'learning_rate': '0.0001452', 'epoch': '0.2477'}
{'loss': '0.7401', 'grad_norm': '0.1216', 'learning_rate': '0.0001449', 'epoch': '0.2482'}
{'loss': '0.7399', 'grad_norm': '0.08154', 'learning_rate': '0.0001446', 'epoch': '0.2486'}
{'loss': '0.74', 'grad_norm': '0.126', 'learning_rate': '0.0001443', 'epoch': '0.2491'}
{'loss': '0.7402', 'grad_norm': '0.1074', 'learning_rate': '0.000144', 'epoch': '0.2496'}
{'loss': '0.7401', 'grad_norm': '0.1367', 'learning_rate': '0.0001437', 'epoch': '0.2501'}
{'loss': '0.7401', 'grad_norm': '0.1748', 'learning_rate': '0.0001434', 'epoch': '0.2506'}
{'loss': '0.74', 'grad_norm': '0.2236', 'learning_rate': '0.0001431', 'epoch': '0.251'}
{'loss': '0.7397', 'grad_norm': '0.07031', 'learning_rate': '0.0001428', 'epoch': '0.2515'}
{'loss': '0.74', 'grad_norm': '0.2676', 'learning_rate': '0.0001425', 'epoch': '0.252'}
{'loss': '0.7397', 'grad_norm': '0.1758', 'learning_rate': '0.0001422', 'epoch': '0.2525'}
{'loss': '0.7402', 'grad_norm': '0.2344', 'learning_rate': '0.0001419', 'epoch': '0.253'}
{'loss': '0.7398', 'grad_norm': '0.07275', 'learning_rate': '0.0001416', 'epoch': '0.2534'}
{'loss': '0.7403', 'grad_norm': '0.1289', 'learning_rate': '0.0001413', 'epoch': '0.2539'}
{'loss': '0.7401', 'grad_norm': '0.1338', 'learning_rate': '0.000141', 'epoch': '0.2544'}
{'loss': '0.7397', 'grad_norm': '0.08154', 'learning_rate': '0.0001407', 'epoch': '0.2549'}
{'loss': '0.74', 'grad_norm': '0.2217', 'learning_rate': '0.0001404', 'epoch': '0.2554'}
{'loss': '0.74', 'grad_norm': '0.1445', 'learning_rate': '0.0001401', 'epoch': '0.2558'}
{'loss': '0.7397', 'grad_norm': '0.0874', 'learning_rate': '0.0001398', 'epoch': '0.2563'}
{'loss': '0.7399', 'grad_norm': '0.09229', 'learning_rate': '0.0001395', 'epoch': '0.2568'}
{'loss': '0.7398', 'grad_norm': '0.1572', 'learning_rate': '0.0001392', 'epoch': '0.2573'}
{'loss': '0.74', 'grad_norm': '0.1494', 'learning_rate': '0.0001389', 'epoch': '0.2578'}
{'loss': '0.7396', 'grad_norm': '0.1641', 'learning_rate': '0.0001386', 'epoch': '0.2582'}
{'loss': '0.7397', 'grad_norm': '0.1836', 'learning_rate': '0.0001383', 'epoch': '0.2587'}
{'loss': '0.74', 'grad_norm': '0.1475', 'learning_rate': '0.000138', 'epoch': '0.2592'}
{'loss': '0.7398', 'grad_norm': '0.1396', 'learning_rate': '0.0001377', 'epoch': '0.2597'}
{'loss': '0.74', 'grad_norm': '0.2637', 'learning_rate': '0.0001374', 'epoch': '0.2602'}
{'loss': '0.7396', 'grad_norm': '0.1299', 'learning_rate': '0.0001371', 'epoch': '0.2606'}
{'loss': '0.7397', 'grad_norm': '0.1709', 'learning_rate': '0.0001368', 'epoch': '0.2611'}
{'loss': '0.7397', 'grad_norm': '0.03687', 'learning_rate': '0.0001365', 'epoch': '0.2616'}
{'loss': '0.7399', 'grad_norm': '0.2188', 'learning_rate': '0.0001362', 'epoch': '0.2621'}
{'loss': '0.7398', 'grad_norm': '0.1758', 'learning_rate': '0.0001359', 'epoch': '0.2626'}
{'loss': '0.7397', 'grad_norm': '0.09766', 'learning_rate': '0.0001356', 'epoch': '0.263'}
{'loss': '0.7398', 'grad_norm': '0.1855', 'learning_rate': '0.0001353', 'epoch': '0.2635'}
{'loss': '0.7399', 'grad_norm': '0.1299', 'learning_rate': '0.000135', 'epoch': '0.264'}
{'loss': '0.7398', 'grad_norm': '0.1982', 'learning_rate': '0.0001347', 'epoch': '0.2645'}
{'loss': '0.74', 'grad_norm': '0.1641', 'learning_rate': '0.0001344', 'epoch': '0.265'}
{'loss': '0.7395', 'grad_norm': '0.1025', 'learning_rate': '0.0001341', 'epoch': '0.2654'}
{'loss': '0.7396', 'grad_norm': '0.09717', 'learning_rate': '0.0001338', 'epoch': '0.2659'}
{'loss': '0.7398', 'grad_norm': '0.1245', 'learning_rate': '0.0001335', 'epoch': '0.2664'}
{'loss': '0.7395', 'grad_norm': '0.2227', 'learning_rate': '0.0001332', 'epoch': '0.2669'}
{'loss': '0.7399', 'grad_norm': '0.1875', 'learning_rate': '0.0001329', 'epoch': '0.2674'}
{'loss': '0.7398', 'grad_norm': '0.2891', 'learning_rate': '0.0001326', 'epoch': '0.2678'}
{'loss': '0.7399', 'grad_norm': '0.08887', 'learning_rate': '0.0001323', 'epoch': '0.2683'}
{'loss': '0.74', 'grad_norm': '0.06494', 'learning_rate': '0.000132', 'epoch': '0.2688'}
{'loss': '0.7399', 'grad_norm': '0.08936', 'learning_rate': '0.0001317', 'epoch': '0.2693'}
{'loss': '0.7396', 'grad_norm': '0.2432', 'learning_rate': '0.0001314', 'epoch': '0.2698'}
{'loss': '0.7398', 'grad_norm': '0.0791', 'learning_rate': '0.0001311', 'epoch': '0.2702'}
{'loss': '0.7395', 'grad_norm': '0.09326', 'learning_rate': '0.0001308', 'epoch': '0.2707'}
{'loss': '0.7397', 'grad_norm': '0.2598', 'learning_rate': '0.0001305', 'epoch': '0.2712'}
{'loss': '0.7398', 'grad_norm': '0.1631', 'learning_rate': '0.0001302', 'epoch': '0.2717'}
{'loss': '0.7399', 'grad_norm': '0.168', 'learning_rate': '0.0001299', 'epoch': '0.2722'}
{'loss': '0.7396', 'grad_norm': '0.124', 'learning_rate': '0.0001296', 'epoch': '0.2726'}
{'loss': '0.7397', 'grad_norm': '0.1436', 'learning_rate': '0.0001293', 'epoch': '0.2731'}
{'loss': '0.7396', 'grad_norm': '0.1099', 'learning_rate': '0.000129', 'epoch': '0.2736'}
{'loss': '0.7398', 'grad_norm': '0.3066', 'learning_rate': '0.0001287', 'epoch': '0.2741'}
{'loss': '0.7395', 'grad_norm': '0.1133', 'learning_rate': '0.0001284', 'epoch': '0.2746'}
{'loss': '0.7398', 'grad_norm': '0.1445', 'learning_rate': '0.0001281', 'epoch': '0.275'}
{'loss': '0.7399', 'grad_norm': '0.1855', 'learning_rate': '0.0001278', 'epoch': '0.2755'}
{'loss': '0.7396', 'grad_norm': '0.1523', 'learning_rate': '0.0001275', 'epoch': '0.276'}
{'loss': '0.7399', 'grad_norm': '0.0874', 'learning_rate': '0.0001272', 'epoch': '0.2765'}
{'loss': '0.7398', 'grad_norm': '0.1494', 'learning_rate': '0.0001269', 'epoch': '0.277'}
{'loss': '0.7399', 'grad_norm': '0.1147', 'learning_rate': '0.0001266', 'epoch': '0.2774'}
{'loss': '0.7396', 'grad_norm': '0.1787', 'learning_rate': '0.0001263', 'epoch': '0.2779'}
{'loss': '0.7398', 'grad_norm': '0.1631', 'learning_rate': '0.000126', 'epoch': '0.2784'}
{'loss': '0.7398', 'grad_norm': '0.1846', 'learning_rate': '0.0001257', 'epoch': '0.2789'}
{'loss': '0.7395', 'grad_norm': '0.1553', 'learning_rate': '0.0001254', 'epoch': '0.2794'}
{'loss': '0.7396', 'grad_norm': '0.1943', 'learning_rate': '0.0001251', 'epoch': '0.2798'}
{'loss': '0.7396', 'grad_norm': '0.07666', 'learning_rate': '0.0001248', 'epoch': '0.2803'}
{'loss': '0.7395', 'grad_norm': '0.1914', 'learning_rate': '0.0001245', 'epoch': '0.2808'}
{'loss': '0.74', 'grad_norm': '0.1436', 'learning_rate': '0.0001242', 'epoch': '0.2813'}
{'loss': '0.7397', 'grad_norm': '0.2871', 'learning_rate': '0.0001239', 'epoch': '0.2818'}
{'loss': '0.7396', 'grad_norm': '0.09668', 'learning_rate': '0.0001236', 'epoch': '0.2822'}
{'loss': '0.7396', 'grad_norm': '0.06836', 'learning_rate': '0.0001233', 'epoch': '0.2827'}
{'loss': '0.7397', 'grad_norm': '0.1367', 'learning_rate': '0.000123', 'epoch': '0.2832'}
{'loss': '0.7399', 'grad_norm': '0.1465', 'learning_rate': '0.0001227', 'epoch': '0.2837'}
{'loss': '0.7397', 'grad_norm': '0.1621', 'learning_rate': '0.0001224', 'epoch': '0.2842'}
{'loss': '0.7398', 'grad_norm': '0.1387', 'learning_rate': '0.0001221', 'epoch': '0.2846'}
{'loss': '0.7395', 'grad_norm': '0.3184', 'learning_rate': '0.0001218', 'epoch': '0.2851'}
{'loss': '0.7397', 'grad_norm': '0.04956', 'learning_rate': '0.0001215', 'epoch': '0.2856'}
{'loss': '0.7397', 'grad_norm': '0.1416', 'learning_rate': '0.0001212', 'epoch': '0.2861'}
{'loss': '0.7396', 'grad_norm': '0.2119', 'learning_rate': '0.0001209', 'epoch': '0.2866'}
{'loss': '0.7399', 'grad_norm': '0.127', 'learning_rate': '0.0001206', 'epoch': '0.287'}
{'loss': '0.7397', 'grad_norm': '0.2432', 'learning_rate': '0.0001203', 'epoch': '0.2875'}
{'loss': '0.7394', 'grad_norm': '0.07861', 'learning_rate': '0.00012', 'epoch': '0.288'}
{'loss': '0.7397', 'grad_norm': '0.1504', 'learning_rate': '0.0001197', 'epoch': '0.2885'}
{'loss': '0.7397', 'grad_norm': '0.1357', 'learning_rate': '0.0001194', 'epoch': '0.289'}
{'loss': '0.7396', 'grad_norm': '0.2354', 'learning_rate': '0.0001191', 'epoch': '0.2894'}
{'loss': '0.7393', 'grad_norm': '0.3145', 'learning_rate': '0.0001188', 'epoch': '0.2899'}
{'loss': '0.7402', 'grad_norm': '0.05933', 'learning_rate': '0.0001185', 'epoch': '0.2904'}
{'loss': '0.7395', 'grad_norm': '0.2158', 'learning_rate': '0.0001182', 'epoch': '0.2909'}
{'loss': '0.7395', 'grad_norm': '0.1787', 'learning_rate': '0.0001179', 'epoch': '0.2914'}
{'loss': '0.7395', 'grad_norm': '0.1836', 'learning_rate': '0.0001176', 'epoch': '0.2918'}
{'loss': '0.7397', 'grad_norm': '0.1523', 'learning_rate': '0.0001173', 'epoch': '0.2923'}
{'loss': '0.7398', 'grad_norm': '0.1631', 'learning_rate': '0.000117', 'epoch': '0.2928'}
{'loss': '0.7396', 'grad_norm': '0.127', 'learning_rate': '0.0001167', 'epoch': '0.2933'}
{'loss': '0.7395', 'grad_norm': '0.543', 'learning_rate': '0.0001164', 'epoch': '0.2938'}
{'loss': '0.7397', 'grad_norm': '0.209', 'learning_rate': '0.0001161', 'epoch': '0.2942'}
{'loss': '0.7394', 'grad_norm': '0.09668', 'learning_rate': '0.0001158', 'epoch': '0.2947'}
{'loss': '0.7396', 'grad_norm': '0.252', 'learning_rate': '0.0001155', 'epoch': '0.2952'}
{'loss': '0.7396', 'grad_norm': '0.1602', 'learning_rate': '0.0001152', 'epoch': '0.2957'}
{'loss': '0.7397', 'grad_norm': '0.3984', 'learning_rate': '0.0001149', 'epoch': '0.2962'}
{'loss': '0.74', 'grad_norm': '0.168', 'learning_rate': '0.0001146', 'epoch': '0.2966'}
{'loss': '0.7393', 'grad_norm': '0.1157', 'learning_rate': '0.0001143', 'epoch': '0.2971'}
{'loss': '0.7397', 'grad_norm': '0.1807', 'learning_rate': '0.000114', 'epoch': '0.2976'}
{'loss': '0.7393', 'grad_norm': '0.06836', 'learning_rate': '0.0001137', 'epoch': '0.2981'}
{'loss': '0.7392', 'grad_norm': '0.1465', 'learning_rate': '0.0001134', 'epoch': '0.2986'}
{'loss': '0.7396', 'grad_norm': '0.2471', 'learning_rate': '0.0001131', 'epoch': '0.299'}
{'loss': '0.7395', 'grad_norm': '0.1113', 'learning_rate': '0.0001128', 'epoch': '0.2995'}
{'loss': '0.7396', 'grad_norm': '0.1982', 'learning_rate': '0.0001125', 'epoch': '0.3'}
{'loss': '0.7395', 'grad_norm': '0.1299', 'learning_rate': '0.0001122', 'epoch': '0.3005'}
{'loss': '0.7397', 'grad_norm': '0.1245', 'learning_rate': '0.0001119', 'epoch': '0.301'}
{'loss': '0.7398', 'grad_norm': '0.127', 'learning_rate': '0.0001116', 'epoch': '0.3014'}
{'loss': '0.7394', 'grad_norm': '0.05713', 'learning_rate': '0.0001113', 'epoch': '0.3019'}
{'loss': '0.7395', 'grad_norm': '0.1025', 'learning_rate': '0.000111', 'epoch': '0.3024'}
{'loss': '0.7395', 'grad_norm': '0.06348', 'learning_rate': '0.0001107', 'epoch': '0.3029'}
{'loss': '0.7395', 'grad_norm': '0.08691', 'learning_rate': '0.0001104', 'epoch': '0.3034'}
{'loss': '0.7396', 'grad_norm': '0.04004', 'learning_rate': '0.0001101', 'epoch': '0.3038'}
{'loss': '0.7398', 'grad_norm': '0.1348', 'learning_rate': '0.0001098', 'epoch': '0.3043'}
{'loss': '0.7394', 'grad_norm': '0.1611', 'learning_rate': '0.0001095', 'epoch': '0.3048'}
{'loss': '0.7395', 'grad_norm': '0.05762', 'learning_rate': '0.0001092', 'epoch': '0.3053'}
{'loss': '0.7394', 'grad_norm': '0.2412', 'learning_rate': '0.0001089', 'epoch': '0.3058'}
{'loss': '0.7396', 'grad_norm': '0.1709', 'learning_rate': '0.0001086', 'epoch': '0.3062'}
{'loss': '0.7397', 'grad_norm': '0.1201', 'learning_rate': '0.0001083', 'epoch': '0.3067'}
{'loss': '0.7394', 'grad_norm': '0.1562', 'learning_rate': '0.000108', 'epoch': '0.3072'}
{'loss': '0.7397', 'grad_norm': '0.1235', 'learning_rate': '0.0001077', 'epoch': '0.3077'}
{'loss': '0.7396', 'grad_norm': '0.1465', 'learning_rate': '0.0001074', 'epoch': '0.3082'}
{'loss': '0.7395', 'grad_norm': '0.1299', 'learning_rate': '0.0001071', 'epoch': '0.3086'}
{'loss': '0.7395', 'grad_norm': '0.1533', 'learning_rate': '0.0001068', 'epoch': '0.3091'}
{'loss': '0.7392', 'grad_norm': '0.2168', 'learning_rate': '0.0001065', 'epoch': '0.3096'}
{'loss': '0.7392', 'grad_norm': '0.209', 'learning_rate': '0.0001062', 'epoch': '0.3101'}
{'loss': '0.7398', 'grad_norm': '0.1338', 'learning_rate': '0.0001059', 'epoch': '0.3106'}
{'loss': '0.7394', 'grad_norm': '0.2119', 'learning_rate': '0.0001056', 'epoch': '0.311'}
{'loss': '0.7394', 'grad_norm': '0.1289', 'learning_rate': '0.0001053', 'epoch': '0.3115'}
{'loss': '0.7398', 'grad_norm': '0.1602', 'learning_rate': '0.000105', 'epoch': '0.312'}
{'loss': '0.7395', 'grad_norm': '0.2715', 'learning_rate': '0.0001047', 'epoch': '0.3125'}
{'loss': '0.7391', 'grad_norm': '0.1846', 'learning_rate': '0.0001044', 'epoch': '0.313'}
{'loss': '0.7393', 'grad_norm': '0.1709', 'learning_rate': '0.0001041', 'epoch': '0.3134'}
{'loss': '0.7396', 'grad_norm': '0.1289', 'learning_rate': '0.0001038', 'epoch': '0.3139'}
{'loss': '0.7395', 'grad_norm': '0.1729', 'learning_rate': '0.0001035', 'epoch': '0.3144'}
{'loss': '0.7396', 'grad_norm': '0.2324', 'learning_rate': '0.0001032', 'epoch': '0.3149'}
{'loss': '0.7394', 'grad_norm': '0.1367', 'learning_rate': '0.0001029', 'epoch': '0.3154'}
{'loss': '0.7394', 'grad_norm': '0.1914', 'learning_rate': '0.0001026', 'epoch': '0.3158'}
{'loss': '0.7395', 'grad_norm': '0.2871', 'learning_rate': '0.0001023', 'epoch': '0.3163'}
{'loss': '0.7397', 'grad_norm': '0.1406', 'learning_rate': '0.000102', 'epoch': '0.3168'}
{'loss': '0.7392', 'grad_norm': '0.1035', 'learning_rate': '0.0001017', 'epoch': '0.3173'}
{'loss': '0.7392', 'grad_norm': '0.1094', 'learning_rate': '0.0001014', 'epoch': '0.3178'}
{'loss': '0.7393', 'grad_norm': '0.291', 'learning_rate': '0.0001011', 'epoch': '0.3182'}
{'loss': '0.7395', 'grad_norm': '0.1992', 'learning_rate': '0.0001008', 'epoch': '0.3187'}
{'loss': '0.7395', 'grad_norm': '0.1699', 'learning_rate': '0.0001005', 'epoch': '0.3192'}
{'loss': '0.7394', 'grad_norm': '0.05713', 'learning_rate': '0.0001002', 'epoch': '0.3197'}
{'loss': '0.7392', 'grad_norm': '0.1826', 'learning_rate': '9.99e-05', 'epoch': '0.3202'}
{'loss': '0.7393', 'grad_norm': '0.1826', 'learning_rate': '9.96e-05', 'epoch': '0.3206'}
{'loss': '0.7395', 'grad_norm': '0.1128', 'learning_rate': '9.93e-05', 'epoch': '0.3211'}
{'loss': '0.7395', 'grad_norm': '0.1953', 'learning_rate': '9.9e-05', 'epoch': '0.3216'}
{'loss': '0.7396', 'grad_norm': '0.1816', 'learning_rate': '9.87e-05', 'epoch': '0.3221'}
{'loss': '0.7395', 'grad_norm': '0.2363', 'learning_rate': '9.84e-05', 'epoch': '0.3226'}
{'loss': '0.7395', 'grad_norm': '0.1807', 'learning_rate': '9.81e-05', 'epoch': '0.323'}
{'loss': '0.7395', 'grad_norm': '0.2285', 'learning_rate': '9.78e-05', 'epoch': '0.3235'}
{'loss': '0.7396', 'grad_norm': '0.1406', 'learning_rate': '9.75e-05', 'epoch': '0.324'}
{'loss': '0.7394', 'grad_norm': '0.2158', 'learning_rate': '9.72e-05', 'epoch': '0.3245'}
{'loss': '0.7392', 'grad_norm': '0.167', 'learning_rate': '9.69e-05', 'epoch': '0.325'}
{'loss': '0.7395', 'grad_norm': '0.1924', 'learning_rate': '9.66e-05', 'epoch': '0.3254'}
{'loss': '0.7393', 'grad_norm': '0.1816', 'learning_rate': '9.63e-05', 'epoch': '0.3259'}
{'loss': '0.7391', 'grad_norm': '0.1221', 'learning_rate': '9.6e-05', 'epoch': '0.3264'}
{'loss': '0.7393', 'grad_norm': '0.4883', 'learning_rate': '9.57e-05', 'epoch': '0.3269'}
{'loss': '0.7392', 'grad_norm': '0.1152', 'learning_rate': '9.54e-05', 'epoch': '0.3274'}
{'loss': '0.7394', 'grad_norm': '0.05786', 'learning_rate': '9.51e-05', 'epoch': '0.3278'}
{'loss': '0.7393', 'grad_norm': '0.1719', 'learning_rate': '9.48e-05', 'epoch': '0.3283'}
{'loss': '0.7392', 'grad_norm': '0.09277', 'learning_rate': '9.45e-05', 'epoch': '0.3288'}
{'loss': '0.7392', 'grad_norm': '0.1455', 'learning_rate': '9.42e-05', 'epoch': '0.3293'}
{'loss': '0.7392', 'grad_norm': '0.09033', 'learning_rate': '9.39e-05', 'epoch': '0.3298'}
{'loss': '0.7393', 'grad_norm': '0.1641', 'learning_rate': '9.36e-05', 'epoch': '0.3302'}
{'loss': '0.7392', 'grad_norm': '0.06177', 'learning_rate': '9.33e-05', 'epoch': '0.3307'}
{'loss': '0.7394', 'grad_norm': '0.1426', 'learning_rate': '9.3e-05', 'epoch': '0.3312'}
{'loss': '0.7391', 'grad_norm': '0.1855', 'learning_rate': '9.27e-05', 'epoch': '0.3317'}
{'loss': '0.7395', 'grad_norm': '0.1885', 'learning_rate': '9.24e-05', 'epoch': '0.3322'}
{'loss': '0.7394', 'grad_norm': '0.124', 'learning_rate': '9.21e-05', 'epoch': '0.3326'}
{'loss': '0.7392', 'grad_norm': '0.1206', 'learning_rate': '9.18e-05', 'epoch': '0.3331'}
{'loss': '0.7391', 'grad_norm': '0.2676', 'learning_rate': '9.15e-05', 'epoch': '0.3336'}
{'loss': '0.7391', 'grad_norm': '0.1826', 'learning_rate': '9.12e-05', 'epoch': '0.3341'}
{'loss': '0.7393', 'grad_norm': '0.1592', 'learning_rate': '9.09e-05', 'epoch': '0.3346'}
{'loss': '0.7392', 'grad_norm': '0.1484', 'learning_rate': '9.06e-05', 'epoch': '0.335'}
{'loss': '0.7394', 'grad_norm': '0.0918', 'learning_rate': '9.03e-05', 'epoch': '0.3355'}
{'loss': '0.7392', 'grad_norm': '0.1582', 'learning_rate': '9e-05', 'epoch': '0.336'}
{'loss': '0.7395', 'grad_norm': '0.08594', 'learning_rate': '8.97e-05', 'epoch': '0.3365'}
{'loss': '0.7391', 'grad_norm': '0.2197', 'learning_rate': '8.94e-05', 'epoch': '0.337'}
{'loss': '0.7395', 'grad_norm': '0.0708', 'learning_rate': '8.91e-05', 'epoch': '0.3374'}
{'loss': '0.7395', 'grad_norm': '0.1025', 'learning_rate': '8.88e-05', 'epoch': '0.3379'}
{'loss': '0.739', 'grad_norm': '0.1162', 'learning_rate': '8.85e-05', 'epoch': '0.3384'}
{'loss': '0.7391', 'grad_norm': '0.1826', 'learning_rate': '8.82e-05', 'epoch': '0.3389'}
{'loss': '0.7392', 'grad_norm': '0.2031', 'learning_rate': '8.79e-05', 'epoch': '0.3394'}
{'loss': '0.7394', 'grad_norm': '0.09863', 'learning_rate': '8.76e-05', 'epoch': '0.3398'}
{'loss': '0.7396', 'grad_norm': '0.2422', 'learning_rate': '8.73e-05', 'epoch': '0.3403'}
{'loss': '0.7393', 'grad_norm': '0.09668', 'learning_rate': '8.7e-05', 'epoch': '0.3408'}
{'loss': '0.7393', 'grad_norm': '0.2197', 'learning_rate': '8.67e-05', 'epoch': '0.3413'}
{'loss': '0.7392', 'grad_norm': '0.07861', 'learning_rate': '8.64e-05', 'epoch': '0.3418'}
{'loss': '0.7393', 'grad_norm': '0.09229', 'learning_rate': '8.61e-05', 'epoch': '0.3422'}
{'loss': '0.7394', 'grad_norm': '0.1953', 'learning_rate': '8.58e-05', 'epoch': '0.3427'}
{'loss': '0.7391', 'grad_norm': '0.08594', 'learning_rate': '8.55e-05', 'epoch': '0.3432'}
{'loss': '0.7395', 'grad_norm': '0.1738', 'learning_rate': '8.52e-05', 'epoch': '0.3437'}
{'loss': '0.7391', 'grad_norm': '0.1226', 'learning_rate': '8.49e-05', 'epoch': '0.3442'}
{'loss': '0.7394', 'grad_norm': '0.1084', 'learning_rate': '8.46e-05', 'epoch': '0.3446'}
{'loss': '0.7391', 'grad_norm': '0.209', 'learning_rate': '8.43e-05', 'epoch': '0.3451'}
{'loss': '0.739', 'grad_norm': '0.1816', 'learning_rate': '8.4e-05', 'epoch': '0.3456'}
{'loss': '0.739', 'grad_norm': '0.09277', 'learning_rate': '8.37e-05', 'epoch': '0.3461'}
{'loss': '0.7393', 'grad_norm': '0.1816', 'learning_rate': '8.34e-05', 'epoch': '0.3466'}
{'loss': '0.7393', 'grad_norm': '0.1309', 'learning_rate': '8.31e-05', 'epoch': '0.347'}
{'loss': '0.7391', 'grad_norm': '0.165', 'learning_rate': '8.28e-05', 'epoch': '0.3475'}
{'loss': '0.7391', 'grad_norm': '0.07617', 'learning_rate': '8.25e-05', 'epoch': '0.348'}
{'loss': '0.7389', 'grad_norm': '0.1758', 'learning_rate': '8.22e-05', 'epoch': '0.3485'}
{'loss': '0.7391', 'grad_norm': '0.2041', 'learning_rate': '8.19e-05', 'epoch': '0.349'}
{'loss': '0.7395', 'grad_norm': '0.1436', 'learning_rate': '8.16e-05', 'epoch': '0.3494'}
{'loss': '0.7391', 'grad_norm': '0.1177', 'learning_rate': '8.13e-05', 'epoch': '0.3499'}
{'loss': '0.7393', 'grad_norm': '0.09375', 'learning_rate': '8.1e-05', 'epoch': '0.3504'}
{'loss': '0.739', 'grad_norm': '0.09521', 'learning_rate': '8.07e-05', 'epoch': '0.3509'}
{'loss': '0.7396', 'grad_norm': '0.1279', 'learning_rate': '8.04e-05', 'epoch': '0.3514'}
{'loss': '0.7392', 'grad_norm': '0.1865', 'learning_rate': '8.01e-05', 'epoch': '0.3518'}
{'loss': '0.7391', 'grad_norm': '0.166', 'learning_rate': '7.98e-05', 'epoch': '0.3523'}
{'loss': '0.739', 'grad_norm': '0.1631', 'learning_rate': '7.95e-05', 'epoch': '0.3528'}
{'loss': '0.7391', 'grad_norm': '0.1099', 'learning_rate': '7.92e-05', 'epoch': '0.3533'}
{'loss': '0.7392', 'grad_norm': '0.1021', 'learning_rate': '7.89e-05', 'epoch': '0.3538'}
{'loss': '0.7389', 'grad_norm': '0.06836', 'learning_rate': '7.86e-05', 'epoch': '0.3542'}
{'loss': '0.7392', 'grad_norm': '0.08936', 'learning_rate': '7.83e-05', 'epoch': '0.3547'}
{'loss': '0.739', 'grad_norm': '0.09521', 'learning_rate': '7.8e-05', 'epoch': '0.3552'}
{'loss': '0.739', 'grad_norm': '0.09814', 'learning_rate': '7.77e-05', 'epoch': '0.3557'}
{'loss': '0.7393', 'grad_norm': '0.08936', 'learning_rate': '7.74e-05', 'epoch': '0.3562'}
{'loss': '0.739', 'grad_norm': '0.0564', 'learning_rate': '7.71e-05', 'epoch': '0.3566'}
{'loss': '0.7392', 'grad_norm': '0.1113', 'learning_rate': '7.68e-05', 'epoch': '0.3571'}
{'loss': '0.7395', 'grad_norm': '0.09961', 'learning_rate': '7.65e-05', 'epoch': '0.3576'}
{'loss': '0.7391', 'grad_norm': '0.1338', 'learning_rate': '7.62e-05', 'epoch': '0.3581'}
{'loss': '0.7394', 'grad_norm': '0.103', 'learning_rate': '7.59e-05', 'epoch': '0.3586'}
{'loss': '0.7392', 'grad_norm': '0.06836', 'learning_rate': '7.56e-05', 'epoch': '0.359'}
{'loss': '0.7389', 'grad_norm': '0.1963', 'learning_rate': '7.53e-05', 'epoch': '0.3595'}
{'loss': '0.739', 'grad_norm': '0.1729', 'learning_rate': '7.5e-05', 'epoch': '0.36'}
{'loss': '0.7391', 'grad_norm': '0.1187', 'learning_rate': '7.47e-05', 'epoch': '0.3605'}
{'loss': '0.7389', 'grad_norm': '0.1504', 'learning_rate': '7.44e-05', 'epoch': '0.361'}
{'loss': '0.7391', 'grad_norm': '0.0835', 'learning_rate': '7.41e-05', 'epoch': '0.3614'}
{'loss': '0.7389', 'grad_norm': '0.05762', 'learning_rate': '7.38e-05', 'epoch': '0.3619'}
{'loss': '0.7392', 'grad_norm': '0.1719', 'learning_rate': '7.35e-05', 'epoch': '0.3624'}
{'loss': '0.7389', 'grad_norm': '0.1309', 'learning_rate': '7.32e-05', 'epoch': '0.3629'}
{'loss': '0.7392', 'grad_norm': '0.2539', 'learning_rate': '7.29e-05', 'epoch': '0.3634'}
{'loss': '0.7393', 'grad_norm': '0.1279', 'learning_rate': '7.26e-05', 'epoch': '0.3638'}
{'loss': '0.7393', 'grad_norm': '0.07373', 'learning_rate': '7.23e-05', 'epoch': '0.3643'}
{'loss': '0.7393', 'grad_norm': '0.0918', 'learning_rate': '7.2e-05', 'epoch': '0.3648'}
{'loss': '0.739', 'grad_norm': '0.05664', 'learning_rate': '7.17e-05', 'epoch': '0.3653'}
{'loss': '0.7392', 'grad_norm': '0.06299', 'learning_rate': '7.14e-05', 'epoch': '0.3658'}
{'loss': '0.739', 'grad_norm': '0.09814', 'learning_rate': '7.11e-05', 'epoch': '0.3662'}
{'loss': '0.7392', 'grad_norm': '0.1797', 'learning_rate': '7.08e-05', 'epoch': '0.3667'}
{'loss': '0.7394', 'grad_norm': '0.1299', 'learning_rate': '7.05e-05', 'epoch': '0.3672'}
{'loss': '0.7391', 'grad_norm': '0.1338', 'learning_rate': '7.02e-05', 'epoch': '0.3677'}
{'loss': '0.7393', 'grad_norm': '0.0957', 'learning_rate': '6.99e-05', 'epoch': '0.3682'}
{'loss': '0.7391', 'grad_norm': '0.103', 'learning_rate': '6.96e-05', 'epoch': '0.3686'}
{'loss': '0.739', 'grad_norm': '0.1797', 'learning_rate': '6.93e-05', 'epoch': '0.3691'}
{'loss': '0.7391', 'grad_norm': '0.2637', 'learning_rate': '6.9e-05', 'epoch': '0.3696'}
{'loss': '0.7389', 'grad_norm': '0.07617', 'learning_rate': '6.87e-05', 'epoch': '0.3701'}
{'loss': '0.7391', 'grad_norm': '0.08496', 'learning_rate': '6.84e-05', 'epoch': '0.3706'}
{'loss': '0.7392', 'grad_norm': '0.123', 'learning_rate': '6.81e-05', 'epoch': '0.371'}
{'loss': '0.739', 'grad_norm': '0.1035', 'learning_rate': '6.78e-05', 'epoch': '0.3715'}
{'loss': '0.7391', 'grad_norm': '0.1279', 'learning_rate': '6.75e-05', 'epoch': '0.372'}
{'loss': '0.7392', 'grad_norm': '0.1021', 'learning_rate': '6.72e-05', 'epoch': '0.3725'}
{'loss': '0.7393', 'grad_norm': '0.07471', 'learning_rate': '6.69e-05', 'epoch': '0.373'}
{'loss': '0.7391', 'grad_norm': '0.06982', 'learning_rate': '6.66e-05', 'epoch': '0.3734'}
{'loss': '0.7395', 'grad_norm': '0.1592', 'learning_rate': '6.63e-05', 'epoch': '0.3739'}
{'loss': '0.7393', 'grad_norm': '0.1138', 'learning_rate': '6.6e-05', 'epoch': '0.3744'}
{'loss': '0.7391', 'grad_norm': '0.06885', 'learning_rate': '6.57e-05', 'epoch': '0.3749'}
{'loss': '0.7392', 'grad_norm': '0.09521', 'learning_rate': '6.54e-05', 'epoch': '0.3754'}
{'loss': '0.7392', 'grad_norm': '0.05737', 'learning_rate': '6.51e-05', 'epoch': '0.3758'}
{'loss': '0.739', 'grad_norm': '0.1079', 'learning_rate': '6.48e-05', 'epoch': '0.3763'}
{'loss': '0.7388', 'grad_norm': '0.1729', 'learning_rate': '6.45e-05', 'epoch': '0.3768'}
{'loss': '0.7395', 'grad_norm': '0.2109', 'learning_rate': '6.42e-05', 'epoch': '0.3773'}
{'loss': '0.739', 'grad_norm': '0.1504', 'learning_rate': '6.39e-05', 'epoch': '0.3778'}
{'loss': '0.7391', 'grad_norm': '0.09033', 'learning_rate': '6.36e-05', 'epoch': '0.3782'}
{'loss': '0.7388', 'grad_norm': '0.2559', 'learning_rate': '6.33e-05', 'epoch': '0.3787'}
{'loss': '0.7389', 'grad_norm': '0.0835', 'learning_rate': '6.3e-05', 'epoch': '0.3792'}
{'loss': '0.7389', 'grad_norm': '0.1182', 'learning_rate': '6.27e-05', 'epoch': '0.3797'}
{'loss': '0.7391', 'grad_norm': '0.1162', 'learning_rate': '6.24e-05', 'epoch': '0.3802'}
{'loss': '0.7387', 'grad_norm': '0.1855', 'learning_rate': '6.21e-05', 'epoch': '0.3806'}
{'loss': '0.739', 'grad_norm': '0.1475', 'learning_rate': '6.18e-05', 'epoch': '0.3811'}
{'loss': '0.7389', 'grad_norm': '0.09424', 'learning_rate': '6.15e-05', 'epoch': '0.3816'}
{'loss': '0.7387', 'grad_norm': '0.04956', 'learning_rate': '6.12e-05', 'epoch': '0.3821'}
{'loss': '0.7391', 'grad_norm': '0.3145', 'learning_rate': '6.09e-05', 'epoch': '0.3826'}
{'loss': '0.7391', 'grad_norm': '0.08545', 'learning_rate': '6.06e-05', 'epoch': '0.383'}
{'loss': '0.7392', 'grad_norm': '0.167', 'learning_rate': '6.03e-05', 'epoch': '0.3835'}
{'loss': '0.7389', 'grad_norm': '0.06982', 'learning_rate': '6e-05', 'epoch': '0.384'}
{'loss': '0.7391', 'grad_norm': '0.1523', 'learning_rate': '5.97e-05', 'epoch': '0.3845'}
{'loss': '0.7389', 'grad_norm': '0.0957', 'learning_rate': '5.94e-05', 'epoch': '0.385'}
{'loss': '0.7391', 'grad_norm': '0.2227', 'learning_rate': '5.91e-05', 'epoch': '0.3854'}
{'loss': '0.7391', 'grad_norm': '0.1768', 'learning_rate': '5.88e-05', 'epoch': '0.3859'}
{'loss': '0.7389', 'grad_norm': '0.0835', 'learning_rate': '5.85e-05', 'epoch': '0.3864'}
{'loss': '0.7391', 'grad_norm': '0.1279', 'learning_rate': '5.82e-05', 'epoch': '0.3869'}
{'loss': '0.739', 'grad_norm': '0.1484', 'learning_rate': '5.79e-05', 'epoch': '0.3874'}
{'loss': '0.7388', 'grad_norm': '0.1182', 'learning_rate': '5.76e-05', 'epoch': '0.3878'}
{'loss': '0.739', 'grad_norm': '0.1807', 'learning_rate': '5.73e-05', 'epoch': '0.3883'}
{'loss': '0.7392', 'grad_norm': '0.1602', 'learning_rate': '5.7e-05', 'epoch': '0.3888'}
{'loss': '0.7391', 'grad_norm': '0.1201', 'learning_rate': '5.67e-05', 'epoch': '0.3893'}
{'loss': '0.7394', 'grad_norm': '0.2158', 'learning_rate': '5.64e-05', 'epoch': '0.3898'}
{'loss': '0.7389', 'grad_norm': '0.09668', 'learning_rate': '5.61e-05', 'epoch': '0.3902'}
{'loss': '0.7392', 'grad_norm': '0.1279', 'learning_rate': '5.58e-05', 'epoch': '0.3907'}
{'loss': '0.7386', 'grad_norm': '0.05713', 'learning_rate': '5.55e-05', 'epoch': '0.3912'}
{'loss': '0.739', 'grad_norm': '0.06885', 'learning_rate': '5.52e-05', 'epoch': '0.3917'}
{'loss': '0.7391', 'grad_norm': '0.1436', 'learning_rate': '5.49e-05', 'epoch': '0.3922'}
{'loss': '0.7391', 'grad_norm': '0.2217', 'learning_rate': '5.46e-05', 'epoch': '0.3926'}
{'loss': '0.7388', 'grad_norm': '0.1729', 'learning_rate': '5.43e-05', 'epoch': '0.3931'}
{'loss': '0.739', 'grad_norm': '0.1328', 'learning_rate': '5.4e-05', 'epoch': '0.3936'}
{'loss': '0.7387', 'grad_norm': '0.1162', 'learning_rate': '5.37e-05', 'epoch': '0.3941'}
{'loss': '0.7389', 'grad_norm': '0.2285', 'learning_rate': '5.34e-05', 'epoch': '0.3946'}
{'loss': '0.7388', 'grad_norm': '0.1523', 'learning_rate': '5.31e-05', 'epoch': '0.395'}
{'loss': '0.7386', 'grad_norm': '0.1768', 'learning_rate': '5.28e-05', 'epoch': '0.3955'}
{'loss': '0.7389', 'grad_norm': '0.03955', 'learning_rate': '5.25e-05', 'epoch': '0.396'}
{'loss': '0.7386', 'grad_norm': '0.1113', 'learning_rate': '5.22e-05', 'epoch': '0.3965'}
{'loss': '0.739', 'grad_norm': '0.1387', 'learning_rate': '5.19e-05', 'epoch': '0.397'}
{'loss': '0.739', 'grad_norm': '0.2617', 'learning_rate': '5.16e-05', 'epoch': '0.3974'}
{'loss': '0.7391', 'grad_norm': '0.1338', 'learning_rate': '5.13e-05', 'epoch': '0.3979'}
{'loss': '0.7389', 'grad_norm': '0.05762', 'learning_rate': '5.1e-05', 'epoch': '0.3984'}
{'loss': '0.739', 'grad_norm': '0.167', 'learning_rate': '5.07e-05', 'epoch': '0.3989'}
{'loss': '0.7389', 'grad_norm': '0.1738', 'learning_rate': '5.04e-05', 'epoch': '0.3994'}
{'loss': '0.7391', 'grad_norm': '0.1123', 'learning_rate': '5.01e-05', 'epoch': '0.3998'}
{'loss': '0.7391', 'grad_norm': '0.1777', 'learning_rate': '4.98e-05', 'epoch': '0.4003'}
{'loss': '0.7389', 'grad_norm': '0.0603', 'learning_rate': '4.95e-05', 'epoch': '0.4008'}
{'loss': '0.7389', 'grad_norm': '0.09961', 'learning_rate': '4.92e-05', 'epoch': '0.4013'}
{'loss': '0.7388', 'grad_norm': '0.1011', 'learning_rate': '4.89e-05', 'epoch': '0.4018'}
{'loss': '0.7392', 'grad_norm': '0.2461', 'learning_rate': '4.86e-05', 'epoch': '0.4022'}
{'loss': '0.7391', 'grad_norm': '0.1475', 'learning_rate': '4.83e-05', 'epoch': '0.4027'}
{'loss': '0.7391', 'grad_norm': '0.1445', 'learning_rate': '4.8e-05', 'epoch': '0.4032'}
{'loss': '0.7388', 'grad_norm': '0.2656', 'learning_rate': '4.77e-05', 'epoch': '0.4037'}
{'loss': '0.739', 'grad_norm': '0.1367', 'learning_rate': '4.74e-05', 'epoch': '0.4042'}
{'loss': '0.7389', 'grad_norm': '0.06226', 'learning_rate': '4.71e-05', 'epoch': '0.4046'}
{'loss': '0.739', 'grad_norm': '0.08936', 'learning_rate': '4.68e-05', 'epoch': '0.4051'}
{'loss': '0.7392', 'grad_norm': '0.1108', 'learning_rate': '4.65e-05', 'epoch': '0.4056'}
{'loss': '0.739', 'grad_norm': '0.0874', 'learning_rate': '4.62e-05', 'epoch': '0.4061'}
{'loss': '0.7387', 'grad_norm': '0.1357', 'learning_rate': '4.59e-05', 'epoch': '0.4066'}
{'loss': '0.7387', 'grad_norm': '0.103', 'learning_rate': '4.56e-05', 'epoch': '0.407'}
{'loss': '0.7387', 'grad_norm': '0.1494', 'learning_rate': '4.53e-05', 'epoch': '0.4075'}
{'loss': '0.739', 'grad_norm': '0.1416', 'learning_rate': '4.5e-05', 'epoch': '0.408'}
